1:
3.9
3.5
3.8
5.0
3.9
4.1
3.6
3.9
4.3
3.8
3.2
3.8
4.2
4.2
3.0
4.2
3.8
4.8
4.4
4.4
3.3
5.3
3.8
10:
3.1
2.9
1000:
3.4
3.1
2.8
4.8
4.0
3.6
3.5
4.1
3.2
2.7
3.5
3.7
3.4
4.5
4.1
3.2
3.2
3.2
3.4
3.8
3.6
4.1
2.6
3.2
4.2
3.3
3.8
10000:
3.9
3.7
10001:
3.6
4.5
4.0
2.9
4.6
3.7
3.7
4.2
4.2
3.8
4.4
4.4
3.1
4.4
3.9
3.7
4.6
10002:
4.5
3.5
4.9
4.2
10003:
2.6
10004:
5.3
4.3
4.5
4.1
4.9
4.5
4.7
4.5
4.5
4.5
4.6
4.2
4.5
4.1
4.6
4.6
4.7
4.7
4.8
4.2
4.5
4.2
4.3
4.4
5.5
4.0
4.4
4.6
3.7
5.0
4.8
10005:
3.8
4.2
3.4
3.1
3.2
10006:
4.0
3.4
4.1
2.9
10007:
2.3
2.9
2.5
2.5
2.2
2.7
2.4
3.1
2.7
3.0
2.5
2.8
2.5
10008:
4.9
3.4
3.7
2.9
4.4
4.2
4.2
10009:
3.2
3.6
4.8
2.9
2.8
3.5
1001:
4.6
3.6
3.2
3.3
4.2
4.2
3.9
3.6
2.8
3.8
3.8
4.0
3.1
3.7
3.5
3.5
4.2
4.0
3.1
3.3
3.1
3.9
3.5
2.9
3.7
3.2
3.8
3.8
3.9
4.3
3.8
4.9
3.1
3.6
3.6
3.6
4.2
2.9
2.9
3.9
4.1
3.2
3.8
4.1
4.2
3.8
3.5
3.3
3.3
4.2
3.3
2.5
2.7
3.8
3.9
4.3
3.0
3.6
3.7
3.3
3.6
3.3
3.2
3.1
4.1
3.1
3.0
3.1
4.1
3.6
3.1
3.3
3.7
3.1
3.2
3.9
2.8
2.8
3.7
3.7
3.9
4.1
2.7
3.8
3.6
3.5
3.5
4.2
3.5
3.0
4.2
3.6
3.8
3.9
3.2
2.9
3.2
3.3
3.4
3.6
3.7
3.6
3.2
3.2
3.6
3.6
3.8
3.9
3.8
2.9
3.1
3.5
3.5
3.1
3.5
2.8
3.1
4.0
3.9
3.2
3.4
3.6
3.4
3.6
3.4
3.5
3.2
4.0
3.5
3.3
3.6
3.9
3.8
3.3
10010:
2.5
2.2
2.3
3.1
2.8
2.4
2.6
2.3
1.9
2.7
2.0
2.0
2.2
1.9
3.0
2.3
2.1
2.8
1.4
2.4
1.9
2.0
2.1
10011:
4.7
4.3
10012:
3.3
4.2
3.1
3.3
3.9
3.9
2.6
3.5
3.1
3.5
3.9
3.2
3.1
10013:
3.8
3.4
3.7
3.9
3.5
3.6
3.4
3.7
3.4
4.0
3.0
4.2
3.4
3.8
3.2
3.4
3.0
3.3
3.5
3.0
3.2
2.8
3.4
3.8
3.8
3.3
3.5
2.7
3.0
3.5
3.3
2.9
3.1
4.0
3.2
3.1
3.5
4.1
3.9
2.9
4.2
3.4
3.6
3.5
3.6
2.9
3.4
3.6
3.1
3.7
3.2
3.3
3.7
4.0
3.4
2.8
4.0
10014:
3.3
4.2
2.8
3.8
3.2
10015:
4.0
3.5
3.1
3.7
4.1
3.7
4.2
4.0
4.1
3.5
4.2
3.8
3.6
4.3
4.3
3.6
3.9
4.3
3.9
4.3
5.3
4.3
4.8
3.0
3.4
3.5
4.3
3.9
10016:
2.9
2.1
2.4
3.0
3.8
10017:
3.2
3.6
3.3
10018:
4.9
4.0
3.0
3.2
3.6
3.9
3.7
3.4
2.5
4.1
3.7
4.1
4.1
4.0
3.5
3.9
3.6
3.8
3.6
3.8
3.7
3.4
4.2
4.3
3.6
4.2
3.8
4.0
3.9
4.3
10019:
3.6
3.3
3.9
3.2
4.5
4.4
3.7
2.8
4.0
3.5
4.7
3.1
3.1
3.4
3.9
3.8
4.0
3.7
3.5
4.6
3.9
4.0
4.0
3.7
4.1
4.0
3.3
3.4
3.5
3.9
3.5
3.6
3.9
4.2
3.4
4.2
2.5
3.8
4.1
4.1
4.2
4.4
3.8
4.0
4.4
3.1
4.0
4.3
4.1
3.8
3.2
3.4
4.0
3.5
3.5
2.5
3.0
3.4
4.5
3.4
3.1
3.5
3.5
3.5
4.0
4.9
3.5
4.9
3.8
1002:
3.4
3.0
3.5
3.7
3.5
3.8
4.1
2.6
3.6
3.6
4.2
3.7
3.5
3.2
10020:
4.2
4.3
3.9
4.5
4.1
3.9
4.2
4.5
4.5
4.2
4.2
5.2
4.0
4.3
4.2
4.2
4.5
3.8
4.4
3.8
4.6
3.6
4.0
4.0
3.5
2.7
4.5
10021:
2.2
2.6
2.7
2.3
10022:
2.4
3.4
3.1
2.9
3.4
3.4
2.7
2.8
10023:
4.2
4.1
4.1
3.8
5.0
3.8
3.5
4.0
3.7
4.2
4.6
10024:
3.7
4.2
3.5
4.0
3.6
3.3
3.3
3.4
3.9
3.9
10025:
3.1
10027:
4.8
3.9
3.8
3.9
3.2
3.9
3.7
4.5
3.6
4.4
4.0
4.1
4.3
3.6
4.1
4.6
3.9
4.3
4.5
4.2
3.8
4.4
4.0
3.9
4.5
4.3
4.6
4.8
4.9
4.8
4.8
4.3
3.5
3.9
4.3
4.8
5.0
4.3
4.3
3.8
4.4
4.4
5.3
4.0
3.9
4.5
4.3
4.2
4.6
4.6
4.1
4.5
3.9
3.8
3.7
4.5
3.8
3.8
4.6
4.5
3.9
3.9
3.5
3.5
4.8
5.2
3.5
4.4
3.5
4.5
4.4
4.4
4.2
4.0
4.8
4.2
4.5
4.4
3.2
4.0
5.0
5.1
3.2
4.0
4.3
4.6
4.1
4.3
10028:
3.0
3.3
3.0
4.0
4.2
2.9
4.3
10029:
3.2
4.1
4.0
3.0
5215:
2.6
3.7
4.0
4.1
4.8
3.1
4.0
4.1
5216:
3.0
3.1
3.7
3.2
3.8
3.3
3.7
2.8
2.5
1.9
5217:
4.1
3.5
3.7
3.2
3.6
4.4
3.1
3.9
4.4
3.6
3.3
3.7
5218:
3.5
1.6
5219:
3.4
522:
3.8
1.7
3.2
3.4
3.8
5220:
2.9
3.0
2.7
3.4
2.5
2.7
2.9
2.6
4.2
3.0
2.9
3.2
4.1
2.2
2.8
2.5
3.3
2.9
3.4
3.5
3.4
3.2
3.0
3.8
2.3
2.4
3.0
2.6
3.0
3.0
2.6
3.4
3.1
3.5
2.4
2.3
2.8
3.3
2.5
1.1
5221:
3.3
2.9
1.9
3.3
3.8
3.7
3.0
3.5
3.2
5222:
4.5
4.6
4.3
4.0
4.6
3.5
3.9
3.6
5223:
3.7
3.3
3.7
4.6
3.2
3.6
3.6
3.2
4.3
4.2
3.4
3.1
3.6
4.3
3.3
4.3
3.2
4.0
3.7
3.5
4.1
4.1
3.5
4.4
4.4
3.6
4.9
3.5
4.2
3.6
4.0
4.0
3.5
3.9
4.0
4.1
3.5
3.3
4.3
3.6
3.6
3.4
3.7
3.6
4.1
3.5
4.6
3.7
4.2
3.2
3.8
3.9
3.7
3.6
3.6
4.3
3.7
3.4
3.8
3.6
4.1
3.9
3.5
3.7
3.3
2.4
3.8
3.8
3.7
4.1
4.5
3.2
4.1
4.0
3.3
3.5
4.2
4.1
4.5
4.0
3.3
4.1
3.1
3.8
3.8
3.8
4.2
3.4
4.0
3.9
3.8
4.1
3.6
3.1
3.7
4.0
3.4
2.9
4.1
3.4
3.7
4.9
3.3
3.5
3.6
2.4
3.6
2.8
3.9
3.7
3.6
3.6
4.0
3.4
3.2
3.2
3.2
3.8
4.6
3.5
4.2
4.1
4.4
3.6
4.1
3.8
3.8
3.6
3.4
3.1
3.6
3.2
4.3
3.7
2.6
4.0
3.5
3.5
3.8
3.5
3.2
3.1
4.2
4.1
4.4
3.9
3.5
3.9
4.2
3.4
3.9
3.8
4.1
3.5
3.7
4.3
3.7
3.4
2.9
3.4
3.4
3.8
4.0
3.9
3.6
3.9
4.3
3.3
3.8
4.4
3.4
3.7
2.9
3.6
4.1
4.1
3.3
3.7
1.9
3.5
4.0
4.2
4.2
3.4
4.2
3.8
3.2
3.2
3.8
3.7
3.8
3.9
3.8
3.8
3.1
3.9
3.8
3.8
4.3
3.4
3.6
3.9
3.1
4.0
3.4
3.3
4.2
4.0
3.7
3.5
4.1
3.1
4.6
3.7
3.4
4.0
3.4
3.8
3.4
3.2
3.9
4.0
3.5
3.2
3.6
4.0
4.0
3.9
3.8
4.7
3.5
4.1
3.8
3.5
3.6
3.5
4.2
3.2
3.9
2.9
3.5
3.8
3.2
3.7
2.9
3.9
3.3
4.4
4.2
3.5
3.6
3.9
4.0
4.0
4.0
2.6
4.1
3.4
4.6
4.2
4.3
3.9
4.1
4.0
3.6
4.0
4.0
3.8
3.1
3.9
3.5
4.0
3.8
3.4
3.5
3.0
3.6
3.0
4.7
4.6
4.0
3.4
2.9
3.5
4.2
3.6
3.7
3.2
3.3
3.7
3.8
3.3
4.1
3.8
4.5
3.4
4.2
3.8
3.5
3.5
3.8
4.5
3.8
3.7
4.0
3.7
4.2
4.3
RMSE: 0.93