2103:
3.66
3.92
2.35
3.66
3.82
3.80
3.43
3.94
3.88
4.02
3.87
3.41
3.56
3.42
2.99
3.95
3.93
4.02
2.73
3.29
3.79
3.59
3.66
3.09
3.81
4.08
3.84
3.90
3.76
3.66
3.65
4.00
3.37
3.78
3.24
4.00
3.36
3.63
3.86
3.48
3.54
2.59
3.12
4.00
2.94
3.67
4.06
3.84
2.98
3.15
3.39
3.21
4.00
4.12
3.76
3.70
4.00
3.78
4.12
3.74
3.26
3.71
3.73
3.66
4.05
3.60
3.83
3.16
3.41
2.76
3.29
3.76
3.44
3.46
3.39
3.67
3.76
4.00
3.53
4.35
3.15
4.21
3.41
3.47
3.30
3.65
4.00
4.45
4.06
3.41
3.46
3.65
3.24
4.43
4.00
3.46
3.86
3.95
3.83
8432:
4.06
3.00
3.49
3.50
3.65
3.40
3.46
3.07
3.71
3.71
3.00
3.96
3.00
4.41
3.82
3.71
3.71
3.29
3.82
3.99
3.71
3.38
3.71
3.35
3.18
3.71
4.11
2.76
3.39
2.67
3.85
3.71
4.13
13709:
2.24
3.47
3.41
3.59
3.80
3.29
4.47
3.53
13496:
4.18
3.66
3.71
3.86
3.67
2.29
2.69
3.08
4.16
3.38
3.74
4.41
3.82
10333:
3.70
3.65
3.82
3.67
4.12
3.91
4.20
4.09
5577:
4.00
4.42
4.47
4.00
4.20
3.97
4.20
4.23
4.44
4.00
4.23
4.35
4.47
3.45
3.41
4.00
3.29
4.71
3.74
4.00
3.82
3.69
4.35
4.09
4.46
3.76
4.59
4.35
3.58
4.71
4.00
3.78
4.31
4.56
4.35
4.71
4.00
4.71
3.76
4.71
4.71
4.35
3.86
4.00
2.59
4.71
3.82
4.35
4.00
4.00
4.04
4.71
3.29
3.82
4.22
3.76
3.29
4.35
4.47
4.47
4.42
4.14
4.00
4.53
3.47
3.90
4.00
4.00
3.74
4.00
4.00
3.45
3.65
4.71
4.14
3.29
3.88
3.76
4.71
2.59
3.69
4.35
2.94
4.28
3.82
4.35
3.59
4.71
4.47
4.71
3.75
3.29
4.71
4.71
3.65
3.53
4.00
3.65
4.00
4.71
2.94
3.65
13283:
3.29
3.84
2.78
3.45
3.65
3.31
4.06
3.63
3.21
15422:
4.00
4.71
4.65
4.00
3.22
3.39
4.18
3.62
2883:
3.56
3.93
4.17
3.71
3.50
4.13
2.72
5505:
3.71
4922:
2.97
3.72
3.33
3.00
2.78
2.70
2.99
11921:
3.47
3.20
4.06
2.74
3.71
2.79
3.10
9875:
3.43
3.18
3.15
3.19
2.47
3.49
2.53
3.78
2.97
3.10
2.95
3.05
3.44
4.17
3.53
3.45
3.63
3.33
3.10
3.75
3.09
3.29
3.25
3.00
3.66
3.71
2.29
3.44
3.95
3.78
3.24
3.63
3.39
2.98
3.76
3.47
2.76
3.33
10071:
3.59
3.29
3.59
4.18
3.88
3.60
3.84
3.75
4.00
4.00
3.67
3.99
3.65
3.85
3.48
3.99
3.50
3.82
3.25
3.95
3.66
9262:
4.38
3.39
3.64
9747:
3.46
3.45
3.75
3.86
3.83
3.59
3.71
3.48
3.14
2.93
3.40
3.48
3.73
3.82
3.97
3.75
3.87
3.55
3.91
3.64
3.10
3.75
3.39
3.81
3.50
3.61
4.30
3.48
3.50
3.96
3.59
3.59
3.30
2.64
3.46
3.51
3.68
3.47
3.64
3.19
3.57
3.80
3.65
3.58
4.08
3.89
3.56
3.28
3.64
3.49
3.47
3.58
3.57
3.53
3.59
3.51
3.52
3.62
3.88
3.56
4.15
3.68
3.99
3.63
3.72
3.95
3.87
3.32
3.48
3.73
3.35
3.16
3.31
3.81
3.67
3.31
4.00
3.31
3.51
3.75
3.34
3.88
3.58
3.46
3.45
3.41
3.39
3.60
3.51
3.25
3.28
4.03
3.64
4.06
3.56
3.29
3.15
3.46
3.64
3.32
4.08
3.74
4.00
3.15
3.68
3.65
3.83
3.55
3.11
4.16
3.76
3.66
3.58
3.83
3.39
3.74
3.15
3.73
3.79
3.51
3.86
3.57
3.91
3.61
3.67
3.82
4.14
3.61
3.60
3.41
3.59
4.20
3.56
3.65
3.81
3.40
3.57
3.52
3.73
3.64
3.67
3.59
2.94
3.73
3.72
3.20
4.64
3.39
3.51
3.68
3.45
4.01
3.51
3.06
3.40
3.29
3.29
3.05
3.49
3.66
3.39
3.71
3.78
3.19
3.06
3.50
3.60
3.22
3.80
3.81
3.28
3.20
3.80
3.45
3.50
3.82
4.07
3.70
3.28
3.54
3.43
827:
3.91
3403:
4.00
3.51
3.77
4.00
4.71
4.16
3.65
4.00
4.00
4.00
4.71
4.71
3.61
4.19
2.94
4.48
4.00
3.29
3.76
4.14
4.00
3.91
3.76
4.71
3.29
2.83
3.47
4.71
3.90
4.00
4.00
4.71
3.70
3.92
4.00
4.71
4.23
3.76
3.38
3.29
4.07
4.00
4.71
3.86
3.29
3.46
4.00
4.00
4.00
1.88
4.35
3.60
3.29
4.00
3.47
3.29
4.00
9349:
3.30
3.58
2.94
2.87
2.31
3.00
14735:
3.53
3.80
3.65
3.34
3.76
4.03
3.36
3.78
3.52
3.90
3.15
3.31
3.79
3.78
3.23
4.04
3.09
4.13
3.52
3.59
3.81
3.48
3.63
2.87
3.44
3.67
3.80
4.00
354:
3.72
3.64
2.40
2.72
2.86
2.70
3.03
16956:
4.03
4.21
4.00
3.97
3.76
4.08
3.52
3.82
4.00
4.44
3.40
3.49
3.17
3.56
3.73
3.65
4.12
8476:
2.29
3.00
3.00
2.65
3.53
15384:
4.00
4.71
4.71
4.00
4.00
4.00
4.00
4.00
4.00
3.44
4.71
4.00
3.29
4.00
4.00
4.71
10596:
3.59
3.18
3.62
3.54
3.72
3.88
3.54
3.21
4.06
3.58
3.65
3.07
3.38
3.40
3.23
2.95
3.74
3.65
3.77
3.17
3.66
3.60
3.72
3.42
3.34
3.60
3.68
3.85
3.46
3.38
2.74
3.06
2.94
3.90
3.41
3.27
4.07
3.50
3.53
2.88
3.63
2.92
3.54
3.83
3.42
2.86
3.89
3.49
3.49
3.18
3.65
3.41
3.84
2.86
3.13
3.40
3.25
3.66
3.09
3.64
3.57
3.69
3.24
3.27
3.97
3.89
3.87
4.13
3.20
3.87
7680:
3.00
3.50
3.47
3.71
8158:
3.08
3.07
3.24
3.92
3.23
7094:
3.42
3.31
4.15
3.49
9039:
4.16
3.84
3.80
3.61
4.65
4.19
3.77
3.82
4.23
4.36
107:
3.75
3.23
3.87
3.80
3.98
3.52
3.95
4.17
4.07
2659:
3.46
3.42
4.01
3.45
3.35
2.72
3.53
3.85
3.61
3.00
3.61
3.35
3.40
3.62
3.42
3.45
4.08
4.41
3.24
8501:
3.71
3.47
3.71
5753:
3.55
3.37
14934:
3.92
4.33
16612:
3.35
3.71
3.93
3.35
3.47
12753:
3.66
3.29
4.37
11002:
3.38
3.46
3.49
3.46
3.79
3.92
3.34
2.46
3.30
3627:
3.53
5435:
3.13
4.06
3.38
3.48
2.79
3.71
3.10
3.16
3.33
3.23
3.52
3.24
4.06
4.33
3.14
3.68
3.13
3.55
3.40
3.06
3.08
3.71
2.94
3.65
3.22
3.00
3.22
4.27
3.33
3.68
3.37
3.37
3.79
3.43
3.55
3.31
9147:
3.65
3.83
4.71
4.06
3.48
4.53
4.00
4.53
4.71
3.87
3.49
4.42
4.33
4.23
3.58
5035:
3.36
2.91
3.54
3.26
3.64
4.01
3.10
3.16
3.04
3.00
3.83
4.19
4.01
3.49
3.85
3.52
3.88
3.35
2.99
4.41
3.14
3.29
3.34
3.55
3.19
4.00
3.08
3.31
3.24
3.53
3.67
3.51
3.20
3.82
3.22
3.82
3.80
3.13
3.86
3.54
3.42
3.10
3.30
3.94
3.68
3.19
3.21
3.32
4.06
4.08
3.99
4.23
3.37
3.68
3.59
3.40
3.53
3.33
3.83
3.23
3.35
3.71
3.58
3.73
3.57
3.45
3.49
3.00
3.19
3.16
3.25
3.21
3.24
3.20
3.27
3.71
3.25
3.72
3.45
3.51
3.45
3.47
4.33
4.01
3.34
4.23
3.15
3951:
3.75
3.47
1251:
3.38
3.57
3.71
4.06
3.45
3.49
3.79
3.02
3.57
2.91
4242:
2.65
3.71
3.35
3.47
3.24
3.00
3.71
3.00
8214:
3.48
3.55
3.97
3.14
3.39
3.00
2787:
3.82
4.05
3.17
4.06
4.27
4.52
3.97
3.60
3.60
3.39
3.50
4.15
4.10
3.76
3.61
3.63
4.17
3.93
4.00
4.62
3.06
4.64
3.52
3.97
4.20
4.26
3.82
3.69
3.65
4.49
3.60
3.32
4.19
7757:
4.10
3.94
4.29
3.03
3.80
3.80
3.74
3.62
3.44
4.00
3.89
3.34
3.40
4.28
3.79
3.84
4.05
3.89
3.44
3.90
3.76
3.55
3.68
3.41
4.42
3.29
3.37
3.48
4.25
3.98
3.32
3.97
4.07
3.65
3.44
3.35
4.40
3.06
3.75
4.29
3.78
4.00
3.94
3.52
3.67
3.51
3.60
4.37
3.62
3.40
3.88
3.59
3.92
3.85
4.18
3.65
4.31
3.07
4.04
3.67
3.74
3.74
3.48
4.06
3.76
4.05
2.63
3.65
4.23
3.74
4.16
3.56
3.48
3.65
3.53
4.16
4.04
3.92
3.56
3.69
3.57
3.94
3.59
3.91
3.76
3.81
3.72
3.25
3.64
4.42
3.29
3.89
4.09
3.51
3.34
3.47
3.86
3.60
3.92
2.88
3.84
3.73
3.56
4.33
3.92
4.40
4.08
4.13
4.12
3.76
3.64
3.73
3.98
3.29
3.53
3.94
3.03
3.58
3.82
7421:
3.86
4.38
4.14
3.52
4.02
3.29
4.35
3.86
4.05
3.79
3.29
4.18
3.82
4.04
4.00
4.41
3.71
3.06
3.56
3.76
4.35
17500:
3.21
3.98
3.21
4.00
3.76
3.83
4.43
3.65
RMSE: 0.92
