1:
4.52
4.27
4.46
5.17
4.53
4.66
4.33
4.53
4.74
4.41
4.07
4.46
4.7
4.72
3.96
4.68
4.46
5.04
4.8
4.83
4.14
5.38
4.42
10:
4.02
3.86
1000:
4.2
4.01
3.83
5.08
4.54
4.3
4.22
4.64
4.05
3.74
4.23
4.39
4.2
4.88
4.63
4.08
4.05
4.07
4.17
4.45
4.29
4.62
3.66
4.08
4.71
4.11
4.44
10000:
4.47
4.38
10001:
4.34
4.9
4.54
3.9
4.92
4.36
4.37
4.71
4.68
4.43
4.8
4.8
4.03
4.83
4.48
4.38
4.95
10002:
4.88
4.27
5.16
4.71
10003:
3.7
10004:
5.39
4.78
4.91
4.66
5.15
4.92
5.0
4.91
4.89
4.86
4.96
4.68
4.89
4.64
4.98
4.93
4.99
4.98
5.1
4.73
4.88
4.73
4.76
4.81
5.54
4.61
4.82
4.94
4.39
5.22
5.06
10005:
4.42
4.71
4.22
4.0
4.07
10006:
4.53
4.18
4.65
3.85
10007:
3.49
3.87
3.6
3.6
3.46
3.77
3.53
3.98
3.73
3.93
3.6
3.79
3.65
10008:
5.14
4.21
4.38
3.88
4.83
4.68
4.67
10009:
4.06
4.32
5.05
3.85
3.79
4.26
1001:
4.93
4.3
4.05
4.15
4.67
4.66
4.49
4.3
3.83
4.46
4.42
4.57
3.98
4.4
4.28
4.22
4.66
4.54
3.98
4.12
3.98
4.49
4.23
3.88
4.36
4.05
4.41
4.42
4.48
4.76
4.45
5.11
4.0
4.32
4.3
4.32
4.71
3.85
3.88
4.48
4.64
4.04
4.42
4.66
4.71
4.46
4.25
4.12
4.15
4.7
4.13
3.61
3.73
4.46
4.52
4.76
3.97
4.31
4.37
4.12
4.29
4.1
4.09
3.99
4.66
3.98
3.91
4.02
4.65
4.34
4.02
4.12
4.36
4.01
4.09
4.49
3.78
3.83
4.35
4.37
4.48
4.66
3.75
4.42
4.3
4.23
4.25
4.69
4.24
3.94
4.69
4.33
4.44
4.52
4.1
3.85
4.09
4.13
4.22
4.3
4.37
4.32
4.06
4.04
4.32
4.3
4.45
4.5
4.44
3.85
4.03
4.25
4.27
4.03
4.27
3.83
4.03
4.56
4.47
4.07
4.21
4.32
4.17
4.32
4.19
4.25
4.06
4.54
4.29
4.15
4.31
4.49
4.41
4.15
10010:
3.59
3.46
3.48
4.01
3.83
3.56
3.66
3.52
3.23
3.73
3.34
3.32
3.41
3.22
3.95
3.52
3.34
3.81
2.94
3.56
3.21
3.32
3.36
10011:
4.98
4.76
10012:
4.11
4.69
4.02
4.1
4.48
4.53
3.71
4.22
4.03
4.23
4.51
4.1
4.02
10013:
4.41
4.2
4.39
4.48
4.24
4.32
4.19
4.4
4.19
4.54
3.96
4.67
4.18
4.44
4.07
4.18
3.97
4.11
4.26
3.92
4.04
3.84
4.15
4.43
4.44
4.15
4.25
3.77
3.92
4.23
4.1
3.89
4.0
4.53
4.1
4.01
4.28
4.64
4.52
3.88
4.7
4.2
4.32
4.26
4.32
3.87
4.18
4.31
4.0
4.39
4.03
4.11
4.39
4.54
4.22
3.82
4.55
10014:
4.11
4.67
3.78
4.42
4.09
10015:
4.55
4.23
3.99
4.38
4.62
4.37
4.73
4.59
4.61
4.28
4.67
4.47
4.33
4.75
4.75
4.35
4.53
4.79
4.52
4.77
5.42
4.77
5.08
3.96
4.17
4.25
4.77
4.49
10016:
3.87
3.36
3.55
3.94
4.46
10017:
4.09
4.3
4.13
10018:
5.13
4.6
3.95
4.09
4.32
4.53
4.39
4.21
3.64
4.65
4.39
4.65
4.61
4.54
4.23
4.47
4.32
4.44
4.32
4.44
4.37
4.18
4.7
4.77
4.29
4.66
4.41
4.59
4.5
4.74
10019:
4.32
4.1
4.52
4.05
4.91
4.83
4.37
3.82
4.55
4.25
4.98
4.01
4.03
4.2
4.53
4.42
4.59
4.36
4.27
4.94
4.53
4.56
4.54
4.4
4.64
4.59
4.12
4.2
4.23
4.53
4.27
4.29
4.53
4.68
4.21
4.69
3.65
4.46
4.64
4.66
4.7
4.81
4.46
4.59
4.81
4.01
4.56
4.79
4.62
4.45
4.09
4.2
4.59
4.22
4.26
3.65
3.94
4.17
4.91
4.17
3.97
4.29
4.24
4.28
4.59
5.16
4.28
5.15
4.41
1002:
4.17
3.92
4.27
4.37
4.29
4.44
4.61
3.68
4.33
4.32
4.71
4.36
4.25
4.07
10020:
4.67
4.77
4.52
4.85
4.65
4.51
4.67
4.9
4.87
4.7
4.67
5.3
4.57
4.74
4.69
4.67
4.89
4.45
4.83
4.45
4.97
4.31
4.58
4.54
4.26
3.76
4.85
10021:
3.42
3.7
3.74
3.49
10022:
3.52
4.19
4.01
3.87
4.22
4.21
3.76
3.78
10023:
4.69
4.61
4.64
4.42
5.2
4.42
4.26
4.59
4.38
4.66
4.95
10024:
4.38
4.68
4.25
4.59
4.35
4.12
4.1
4.19
4.5
4.51
10025:
3.98
10027:
5.06
4.52
4.46
4.53
4.09
4.48
4.4
4.87
4.3
4.8
4.58
4.61
4.73
4.3
4.65
4.92
4.47
4.76
4.85
4.68
4.41
4.83
4.6
4.5
4.88
4.75
4.96
5.04
5.14
5.04
5.08
4.77
4.26
4.5
4.75
5.05
5.17
4.75
4.79
4.43
4.85
4.83
5.39
4.55
4.5
4.9
4.78
4.68
4.96
4.93
4.65
4.9
4.52
4.46
4.4
4.88
4.42
4.45
4.97
4.86
4.49
4.51
4.28
4.23
5.06
5.29
4.25
4.81
4.28
4.89
4.84
4.82
4.72
4.6
5.06
4.71
4.89
4.8
4.06
4.54
5.19
5.27
4.08
4.58
4.75
4.92
4.6
4.77
10028:
3.95
4.11
3.9
4.58
4.67
3.86
4.77
10029:
4.07
4.64
4.56
3.94
10031:
4.23
3.82
4.39
3.72
4.66
3.98
3.85
3.62
3.85
10032:
4.12
5.22
4.83
4.9
4.77
3.9
4.4
4.32
4.6
3.72
4.19
4.85
5.16
4.37
4.79
3.94
4.51
4.36
4.36
4.5
4.21
4.41
4.26
4.41
4.44
4.11
4.36
4.4
4.83
4.21
4.44
4.58
4.79
4.57
4.33
4.72
4.27
4.25
4.34
4.33
4.41
4.48
4.33
4.08
4.32
4.46
4.68
10033:
4.45
4.25
3.66
4.3
4.2
3.83
4.09
3.94
4.22
3.98
4.33
4.16
4.97
4.49
10034:
3.22
3.65
10035:
3.84
5.14
5.21
4.89
5.02
4.96
4.5
4.43
4.59
4.37
4.76
4.61
4.76
4.85
4.66
4.68
4.76
4.83
4.9
5.51
10036:
4.27
4.33
4.45
4.3
4.67
4.48
4.11
4.57
3.99
4.16
4.3
4.5
4.75
4.68
5.1
4.74
4.53
4.72
3.84
4.14
4.58
4.33
4.88
4.72
4.7
4.87
4.69
4.62
4.66
4.1
4.52
4.17
4.09
4.41
4.32
4.41
4.59
4.56
4.43
4.67
4.35
4.65
4.9
4.76
4.68
4.79
5.14
5.1
4.2
4.78
4.28
4.6
4.6
4.13
4.5
4.95
4.21
5.3
4.35
4.77
4.65
4.99
4.25
5.02
4.26
5.06
4.46
4.8
4.63
4.73
5.16
4.74
4.63
4.3
4.7
4.89
4.79
4.27
4.8
4.81
4.55
4.36
5.19
4.77
4.09
4.62
4.45
4.67
4.65
4.49
4.33
4.89
4.44
4.83
4.46
4.28
4.28
4.68
4.4
4.85
4.89
4.62
4.43
5.03
4.29
4.09
4.57
4.24
4.33
4.65
4.66
4.34
4.45
4.71
4.4
4.54
5.12
4.35
4.43
4.7
4.55
4.62
4.64
4.48
4.69
4.36
4.89
5.07
4.4
4.31
4.72
4.21
4.26
4.8
4.43
4.26
4.64
4.62
4.79
4.14
5.15
4.82
4.25
4.53
4.33
5.12
4.36
4.64
4.37
4.26
4.68
4.71
4.74
4.39
4.55
4.35
5.25
4.43
4.54
4.99
4.79
4.36
4.7
4.77
4.53
4.53
4.77
4.97
4.62
4.42
4.31
4.43
4.84
4.38
4.7
4.65
4.45
4.8
4.77
4.99
4.55
4.98
4.25
4.62
5.18
4.48
4.52
4.52
4.73
4.56
4.67
4.26
4.68
5.19
4.79
4.07
4.55
4.67
4.18
4.6
4.62
4.59
4.41
4.58
4.02
5.25
4.62
4.72
4.29
4.47
4.57
4.38
4.97
4.4
4.39
10037:
4.62
4.08
4.2
4.53
4.46
4.47
4.21
3.91
4.12
4.48
4.09
4.14
4.21
4.23
10038:
4.69
4.17
4.05
4.16
4.05
4.35
4.35
3.92
10039:
3.13
1004:
3.57
3.6
3.82
3.81
4.14
3.96
4.02
4.42
3.5
4.02
4.1
4.42
4.19
3.99
3.74
3.5
3.86
4.04
3.81
3.94
4.12
3.83
3.74
3.12
3.72
3.49
3.91
3.98
3.62
3.99
4.0
10040:
4.07
3.95
4.38
10041:
4.3
3.96
4.06
3.83
4.06
4.09
4.45
4.03
4.22
3.86
3.66
4.24
4.54
3.82
4.12
4.27
4.1
3.78
3.95
3.63
3.93
4.1
3.81
3.96
4.21
3.62
4.15
3.85
4.17
3.88
4.2
10042:
5.15
4.83
5.14
4.91
5.03
5.32
5.44
4.8
5.45
4.92
5.17
4.92
5.19
5.02
5.1
5.33
4.83
5.31
5.22
5.14
4.94
5.34
4.51
5.04
5.13
5.46
5.22
4.32
5.22
5.15
5.09
5.21
5.11
5.43
5.12
5.51
5.0
5.12
4.87
4.69
5.17
4.98
4.89
4.82
4.97
5.37
5.11
4.78
5.01
4.78
5.03
5.32
5.46
4.73
5.55
5.39
4.6
5.17
4.71
4.98
5.11
5.03
5.12
5.03
4.58
4.68
4.94
5.3
4.96
4.7
4.87
4.77
5.12
4.9
4.8
5.44
5.33
5.04
5.07
5.23
4.75
5.04
5.21
5.07
5.38
4.88
4.97
5.22
4.68
5.34
4.9
5.16
5.73
5.0
5.04
5.29
5.05
5.12
5.04
4.92
5.27
5.3
4.93
5.56
5.23
4.98
5.05
5.08
5.49
5.05
5.33
5.1
4.71
5.29
4.76
5.0
5.12
4.73
5.15
5.47
4.64
5.53
5.1
5.54
5.29
5.72
4.69
4.93
5.15
4.83
4.89
5.14
5.06
3.91
5.01
5.03
5.52
5.69
4.83
5.46
5.0
5.58
5.03
4.98
5.07
5.05
5.17
4.69
4.82
5.32
4.88
5.19
5.68
5.09
5.27
5.0
4.96
4.68
4.73
5.23
4.48
5.39
5.1
5.13
4.95
5.41
4.93
4.9
4.99
5.17
5.36
5.36
4.81
4.91
5.34
4.92
5.17
5.47
5.64
5.16
4.82
5.09
5.41
4.93
5.13
5.48
4.87
4.6
4.98
5.34
4.85
5.06
5.35
4.85
5.35
5.44
5.36
4.99
5.11
5.19
5.14
5.27
5.15
5.0
5.21
4.22
5.23
5.12
5.17
4.93
4.88
4.96
5.45
5.41
5.49
5.32
5.29
5.23
5.06
5.24
4.98
5.25
5.41
5.24
5.1
5.21
5.34
4.89
5.06
5.04
5.12
5.13
5.07
4.97
5.46
5.05
5.34
4.91
5.2
5.15
4.87
5.54
4.79
5.3
5.24
5.27
5.58
5.28
5.06
5.19
4.73
5.09
5.62
5.02
5.02
5.0
4.79
5.26
5.19
4.75
4.76
4.71
5.09
5.48
4.62
5.0
5.01
5.27
4.91
4.93
5.08
5.38
5.02
4.86
4.71
4.82
5.05
5.24
5.12
5.12
5.07
4.9
5.28
4.95
5.21
4.96
4.75
5.36
4.91
5.2
5.2
4.82
5.24
4.87
5.29
4.82
4.98
5.13
4.95
5.0
5.21
5.12
5.15
5.1
4.68
5.1
5.05
5.1
5.21
5.23
5.09
4.92
5.2
5.03
5.05
5.35
4.91
5.37
5.33
4.93
5.24
4.89
5.34
5.21
5.31
5.34
5.34
5.14
5.42
5.07
5.36
5.12
4.74
5.3
4.92
5.16
5.2
5.56
4.93
5.39
5.37
5.21
5.36
5.74
4.86
5.28
5.25
5.51
4.9
5.24
5.49
4.92
5.3
4.97
4.73
5.14
5.19
5.3
4.98
5.15
4.92
4.91
5.03
5.02
5.09
5.02
4.78
4.88
5.54
4.88
5.61
5.07
5.03
5.0
5.03
5.56
4.68
4.56
5.18
5.18
5.09
5.13
4.74
5.19
4.92
5.36
5.04
4.96
4.8
5.09
5.11
4.8
5.1
4.71
4.8
5.57
5.11
4.66
5.03
5.22
5.02
5.0
4.9
4.96
5.06
5.1
5.23
5.03
4.66
5.29
5.39
4.8
5.19
5.03
4.82
5.18
4.8
5.48
5.19
4.65
5.68
5.1
5.19
5.47
5.12
4.79
5.29
5.46
5.22
4.87
4.91
5.36
4.77
5.12
5.17
4.69
5.01
4.29
4.92
5.03
4.91
5.4
5.1
5.1
5.34
5.15
5.21
4.99
4.97
4.78
4.95
5.38
4.56
5.32
5.44
5.37
4.83
5.19
4.99
5.28
5.02
4.85
4.87
4.79
5.73
5.1
5.3
4.5
5.22
5.56
5.15
5.06
4.96
5.42
5.57
5.31
5.22
5.48
4.86
4.7
5.15
5.19
4.98
4.87
5.63
4.82
4.57
5.01
5.08
4.88
5.11
4.93
4.75
5.11
5.08
5.27
4.99
5.14
5.1
4.86
4.53
4.65
5.05
4.8
4.43
5.44
5.2
5.29
4.68
5.14
5.08
5.31
5.06
5.0
5.29
5.32
5.59
5.3
4.9
4.93
5.29
4.88
4.82
5.02
5.59
5.12
5.05
4.67
4.53
5.51
5.17
4.8
4.91
5.25
5.44
4.95
5.58
5.57
5.33
5.07
4.8
5.35
5.25
5.03
5.39
5.57
4.75
5.56
5.21
5.09
4.56
4.44
5.41
4.05
4.99
5.29
4.96
4.92
4.72
5.23
4.9
4.85
5.26
5.05
5.27
5.36
5.0
4.78
5.1
4.77
4.91
4.74
4.72
5.39
4.83
5.24
5.08
4.6
5.09
5.08
5.42
4.63
4.95
4.79
4.82
5.06
4.97
5.2
5.41
5.35
5.09
5.11
4.85
4.93
4.69
5.05
5.19
5.22
4.96
4.78
5.11
5.25
5.09
4.78
4.58
5.16
4.98
5.01
5.46
4.74
4.97
4.78
5.41
5.16
4.87
4.94
4.92
5.57
4.93
4.83
4.75
5.05
5.09
5.03
4.8
5.11
4.67
4.6
5.17
4.98
5.13
5.2
5.14
4.93
5.05
4.8
5.58
5.11
5.23
5.32
5.22
4.78
5.2
5.16
5.29
5.27
5.57
4.98
4.93
4.98
4.94
5.08
5.1
5.15
5.36
5.25
5.02
5.2
4.98
5.17
4.48
5.32
4.63
5.08
5.25
5.37
5.03
4.79
4.92
5.14
5.07
4.9
5.3
5.42
5.57
5.19
4.73
5.14
4.78
4.9
5.51
4.95
5.25
4.75
5.07
4.95
4.98
5.46
4.95
4.93
4.85
5.41
5.09
5.0
5.05
5.19
5.19
5.3
5.09
5.07
5.15
4.66
4.99
5.19
5.17
5.3
5.02
4.97
4.83
5.0
5.03
4.8
5.14
5.34
5.18
5.36
5.23
5.05
5.21
5.03
4.8
5.37
5.47
5.12
4.68
4.88
5.16
4.39
4.74
4.81
5.12
5.09
5.43
4.86
5.39
5.1
4.97
5.03
4.92
4.41
5.07
5.09
4.7
5.27
4.83
5.07
5.35
5.25
5.24
5.49
4.86
5.42
5.41
5.0
5.17
5.17
10043:
4.85
4.79
4.7
4.44
4.7
4.67
4.48
4.8
5.16
4.67
4.86
5.05
4.7
4.96
4.7
4.57
5.03
4.73
4.6
4.54
4.99
5.01
4.79
4.94
4.52
4.82
4.79
5.05
4.99
4.25
4.66
4.81
4.69
4.88
4.85
4.69
4.87
5.09
5.06
4.72
4.91
4.44
3.98
4.68
4.6
4.85
4.63
5.0
4.73
4.98
4.45
4.78
4.69
4.78
4.83
4.52
4.45
4.52
4.98
5.2
5.11
4.95
4.45
4.66
RMSE:0.99
