10:
2.9
2.6
1000:
3.2
2.9
2.6
4.6
3.7
3.3
3.2
3.9
2.9
2.4
3.2
3.5
3.2
4.3
3.9
3.0
2.9
3.0
3.1
3.6
3.3
3.9
2.3
10010:
2.2
2.0
2.0
2.9
2.6
2.2
2.3
2.1
1.6
2.4
1.8
1.8
1.9
1.6
2.8
2.1
1.8
2.6
1.2
2.2
1.6
1.8
1.9
10011:
4.4
4.0
10012:
3.0
3.9
2.9
3.0
3.6
3.7
2.4
3.2
2.9
3.2
3.7
3.0
2.9
10013:
3.5
3.2
3.5
3.6
3.2
10022:
2.1
3.2
2.9
2.6
3.2
3.2
2.5
2.5
10023:
4.0
3.8
3.9
3.5
4.8
3.5
3.3
3.8
3.4
3.9
4.4
10024:
3.5
3.9
3.2
3.8
3.4
3.0
3.0
3.1
3.6
3.7
10025:
2.8
10027:
4.5
10032:
3.1
4.8
4.2
4.3
4.1
2.7
3.5
3.4
3.8
2.4
3.2
4.2
4.7
3.4
4.1
2.8
3.7
3.4
3.4
3.7
3.2
3.5
3.3
3.5
3.6
3.0
3.4
3.5
4.2
3.2
3.6
3.8
4.1
3.8
3.4
4.0
3.3
3.3
3.4
3.4
3.5
3.6
3.4
3.0
3.4
3.6
3.9
10033:
3.6
3.3
2.3
3.3
3.2
2.6
3.0
2.8
3.2
10037:
3.9
3.0
3.2
3.7
3.6
3.6
3.2
2.7
3.1
3.6
3.0
3.1
3.2
3.2
10038:
4.0
3.1
2.9
10042:
4.7
4.2
4.7
4.3
4.5
4.9
5.1
4.1
5.2
4.3
4.7
4.3
4.7
4.5
4.6
5.0
4.2
4.9
4.8
4.7
4.3
5.0
3.7
4.5
4.6
5.2
4.8
3.3
4.8
4.7
4.6
4.8
4.6
5.1
4.6
5.3
4.4
4.6
4.2
3.9
4.7
4.4
4.3
4.1
4.4
5.0
4.6
4.1
4.5
4.1
10042:
4.7
4.2
4.7
4.3
4.5
4.9
5.1
4.1
5.2
4.3
4.7
4.3
4.7
4.5
4.6
5.0
4.2
4.9
4.8
4.7
4.3
5.0
3.7
4.5
4.6
5.2
4.8
3.3
4.8
4.7
4.6
4.8
4.6
5.1
4.6
5.3
4.4
4.6
4.2
3.9
4.7
4.4
4.3
4.1
4.4
5.0
4.6
4.1
4.5
4.1
10044:
4.0
3.6
3.2
3.7
3.8
4.4
3.6
3.8
3.1
3.5
3.5
2.7
3.1
4.0
3.7
4.5
4.1
2.9
4.6
4.0
3.5
4.0
3.5
4.0
3.3
3.4
3.0
3.7
3.9
10062:
2.7
3.2
10063:
3.6
3.6
3.8
4.0
4.7
4.3
4.7
4.6
2.7
3.7
4.0
4.6
4.3
4.0
10064:
2.0
2.7
3.1
10065:
3.0
3.1
2.8
2.1
3.4
3.4
2.3
10073:
3.4
3.2
3.0
3.3
3.4
3.6
3.0
2.6
2.7
2.3
3.2
4.3
3.3
2.9
4.0
3.4
3.5
10074:
4.4
3.8
3.9
3.8
4.3
3.6
3.6
4.2
4.3
3.8
4.5
4.4
3.5
4.7
3.4
10079:
4.7
4.0
4.6
4.4
4.7
4.1
4.0
3.9
4.7
3.8
4.0
5.3
4.9
3.8
4.4
4.7
4.0
4.2
5.2
4.5
5.1
1008:
4.2
3.9
3.7
2.8
4.5
4.6
3.4
3.4
3.2
3.6
3.4
3.6
4.3
3.5
4.4
4.4
4.0
3.5
5.0
3.8
4.6
4.2
4.1
3.7
3.6
3.4
3.4
3.8
2.8
4.1
3.8
3.6
3.3
3.3
10081:
3.5
3.5
3.4
3.7
3.7
3.1
3.3
10082:
2.9
2.1
2.5
3.6
2.9
3.1
2.1
3.1
2.6
2.7
1.7
3.8
3.2
2.6
3.0
3.1
2.5
4.0
2.5
3.4
2.7
2.1
3.1
2.2
2.3
1.7
1.6
3.1
1.9
4.0
2.7
2.7
2.6
2.4
3.2
2.6
3.1
2.3
3.0
1.8
2.9
2.8
1.7
2.9
2.9
2.8
10084:
4.7
3.4
3.4
4.5
3.3
4.1
3.7
3.6
3.9
4.1
4.0
4.1
3.6
3.7
3.9
3.6
3.3
4.0
4.0
4.6
3.9
2.9
3.4
3.6
4.2
3.4
4.0
4.4
3.8
10085:
2.3
2.9
3.2
2.4
1.9
3.2
3.5
3.0
2.4
1.8
10086:
3.4
3.3
10087:
3.0
4.9
4.1
3.6
2.8
3.5
3.4
4.2
3.4
4.2
3.5
3.9
3.3
3.6
4.2
4.3
10088:
3.7
3.4
3.9
2.7
5.1
3.6
3.1
2.9
4.3
3.9
4.4
4.0
3.6
4.4
4.2
3.6
3.1
3.5
3.3
3.8
10089:
2.6
3.1
2.3
3.0
3.8
1009:
3.1
10090:
3.2
4.2
4.4
3.8
4.3
4.1
4.0
4.5
4.2
4.4
3.4
4.3
3.8
3.7
4.3
4.2
4.4
4.1
4.0
4.2
5.1
4.0
4.5
3.9
4.1
5.0
10095:
4.3
3.3
3.7
4.4
4.0
3.0
4.2
4.0
4.0
4.1
4.1
4.3
4.1
3.1
4.4
3.8
3.9
3.6
2.8
3.3
3.5
4.0
3.6
3.7
3.8
3.7
3.7
3.9
4.1
3.9
4.3
10101:
4.6
3.5
4.2
3.4
3.4
3.6
4.0
4.0
4.3
4.4
3.5
3.7
4.4
4.4
3.9
2.9
3.8
3.7
4.1
4.1
3.4
2.7
3.4
3.3
4.1
4.6
3.6
3.7
10102:
3.3
2.8
3.6
2.8
3.1
2.8
3.0
3.3
3.5
3.0
3.6
2.9
2.3
3.0
3.3
3.8
3.5
3.2
1.8
3.0
10103:
4.8
3.7
3.4
3.8
4.0
3.7
5.0
10113:
3.0
3.6
4.2
3.6
3.3
2.8
2.9
10114:
3.3
2.6
3.4
2.5
2.7
2.7
2.9
3.7
2.9
3.2
3.4
3.6
3.0
3.3
3.2
2.9
3.3
3.3
2.6
3.1
2.4
2.1
2.0
3.6
2.8
3.5
3.1
3.1
2.6
2.1
3.3
2.7
3.0
2.4
2.7
2.2
2.7
3.1
2.7
3.5
2.9
3.7
10116:
3.5
3.8
2.9
3.1
2.6
3.6
2.6
2.8
3.5
2.9
3.3
10117:
4.1
3.3
3.8
3.8
3.2
2.9
3.7
4.3
4.0
3.7
3.4
2.8
3.2
3.2
3.5
3.7
3.4
4.1
3.3
3.7
2.6
4.1
4.4
3.7
3.9
3.3
3.0
3.3
3.8
4.3
3.8
3.5
3.8
3.2
4.3
4.0
3.7
3.7
3.5
3.8
3.6
3.5
3.9
3.5
10120:
3.1
2.7
3.7
2.9
3.3
10121:
4.4
4.8
4.6
3.8
4.2
4.7
4.2
4.2
4.6
4.5
4.1
5.2
3.4
3.9
4.0
3.8
3.5
3.9
4.0
4.5
4.2
4.3
3.9
4.2
10122:
3.1
2.2
3.2
3.4
3.5
10123:
3.2
2.8
3.6
3.5
3.2
3.7
2.2
3.0
4.1
3.7
3.1
3.0
2.8
2.6
2.7
4.4
3.0
3.3
3.3
4.0
10124:
1.3
2.6
2.6
3.0
3.5
3.1
2.2
2.8
2.6
2.6
2.1
2.1
3.3
2.1
3.2
2.2
2.5
2.0
2.8
3.3
2.7
2.0
10125:
4.1
3.1
4.8
4.0
3.8
3.5
3.2
3.6
3.4
3.9
3.4
4.8
4.2
4.0
3.7
3.3
3.7
2.9
4.1
4.4
4.3
3.8
3.5
3.5
4.1
3.7
3.8
3.6
4.4
4.0
3.5
10131:
3.3
3.9
3.5
3.1
3.4
3.5
3.6
2.6
2.9
3.2
10132:
3.0
3.5
3.3
2.8
2.3
2.5
2.3
3.2
2.8
3.5
2.8
3.2
2.1
2.5
2.6
3.4
2.9
3.2
2.7
3.0
2.7
3.4
2.8
3.0
2.8
3.3
3.1
4.1
3.0
4.1
2.2
10133:
2.6
3.0
1.9
2.2
3.1
3.0
2.2
2.8
3.4
10134:
3.9
3.9
10142:
3.5
3.6
3.3
3.8
3.8
3.3
3.2
3.3
3.8
3.2
2.9
4.1
3.0
3.0
4.4
3.7
4.4
2.9
3.6
3.0
2.7
3.5
4.2
3.3
10143:
4.5
3.8
3.9
4.4
4.1
3.7
3.8
3.5
4.1
3.4
4.1
4.1
4.2
3.6
3.8
3.8
4.1
3.7
3.7
4.3
3.5
4.2
3.8
3.5
3.9
3.8
3.9
4.3
RMSE: 0.92
