12672:
4.2
3.7
4.2
4.0
3.7
3.9
4.6
3.2
3.0
3.3
4.2
3.5
4.2
4.1
3.9
4.2
3.5
4.2
3.5
3.3
3.7
3.2
4.3
3.9
4.4
3.6
3.4
3.2
4.5
3.8
3.6
3.5
3.7
3.9
4.1
3.6
3.5
3.6
3.4
3.5
3.2
3.3
3.3
4.0
3.4
3.6
3.5
3.7
3.8
4.5
3.2
4.3
4.2
3.3
4.3
3.6
4.1
3.8
3.7
3.7
3.8
3.6
3.8
3.4
3.7
4.7
3.9
3.6
3.5
3.8
4.3
3.3
3.8
3.7
4.0
4.9
3.1
4.0
3.7
3.8
3.9
2.8
3.6
4.5
2.8
4.2
3.4
3.4
3.7
3.6
3.8
4.0
4.0
4.5
3.9
4.1
3.8
4.3
3.5
3.8
4.0
3.7
3.9
3.4
3.4
3.7
4.0
2.5
3.1
3.1
4.2
3.8
3.9
3.8
3.2
3.6
3.9
3.4
3.6
3.7
4.4
4.0
4.1
3.9
3.9
3.5
3.3
3.7
4.2
3.1
4.3
2.9
3.5
3.6
3.9
4.2
3.9
3.2
3.3
3.3
3.0
3.9
4.0
4.5
3.8
4.8
3.7
4.3
3.7
3.3
3.6
3.5
3.5
4.2
4.2
3.2
3.7
3.9
3.8
3.4
3.2
3.9
4.0
3.6
3.2
4.5
3.5
3.7
3.7
4.4
2.9
3.4
3.4
3.7
3.2
3.1
4.0
4.0
3.2
3.5
3.5
3.4
3.5
3.6
3.1
3.6
3.9
4.5
3.7
4.0
3.2
3.9
3.2
4.5
3.8
4.1
4.1
3.7
3.8
3.4
3.3
2.7
3.9
3.4
3.9
3.3
3.0
3.9
3.2
4.8
3.9
4.0
4.7
4.0
3.4
3.1
3.9
3.5
3.9
4.2
4.1
4.5
3.6
4.1
3.3
3.9
3.5
3.7
3.2
2.8
3.3
3.3
3.8
3.8
4.4
3.3
3.8
3.5
4.8
3.9
3.0
4.2
3.5
3.3
4.6
3.4
4.5
3.6
3.6
3.5
3.9
3.5
3.3
3.8
3.5
3.4
3.3
3.4
3.4
4.1
4.0
3.7
3.6
3.3
3.6
4.1
4.2
4.1
4.1
3.3
3.7
3.9
3.6
3.8
3.7
3.7
4.4
4.4
3.8
3.2
3.8
3.1
3.3
3.5
3.7
4.1
4.2
3.2
3.1
3.4
3.5
2.9
3.4
3.1
3.5
3.5
4.2
3.9
4.3
4.4
3.8
4.0
3.7
4.1
3.8
3.5
4.0
3.7
4.0
4.4
3.5
3.1
3.7
3.4
3.3
3.6
3.7
3.5
3.5
3.5
4.1
3.4
3.7
3.5
4.1
3.1
4.8
3.9
3.5
3.7
3.2
3.4
4.8
3.6
5.0
3.6
4.5
3.8
3.5
4.2
3.7
3.3
4.2
3.0
3.4
4.9
3.6
3.9
3.9
3.3
3.6
3.8
3.9
4.3
3.3
3.9
4.7
4.1
4.2
3.4
4.0
3.5
3.5
3.7
2.8
4.1
4.1
3.5
4.5
2.4
3.1
3.3
3.2
3.6
3.7
3.9
4.0
3.5
3.7
3.3
4.1
3.5
3.2
3.3
3.7
3.5
3.2
3.8
4.0
3.0
3.9
3.2
4.2
4.3
3.0
4.0
3.6
3.9
3.4
4.0
2.9
3.9
3.5
3.1
3.8
4.2
3.3
3.2
3.0
3.4
3.9
3.5
3.5
4.1
4.0
4.3
3.5
4.8
4.1
2.5
4.6
4.4
3.5
3.9
4.1
3.8
3.1
3.7
4.3
3.3
4.0
3.2
3.6
3.4
3.7
3.5
4.1
3.9
3.3
3.1
4.3
4.1
3.5
3.0
3.6
3.7
3.3
3.8
4.5
2.7
3.7
4.1
3.3
3.4
3.8
3.6
3.9
4.0
3.7
3.0
257:
4.4
4.3
3.6
3.1
3.4
4.3
4.5
4.3
4.1
3.7
4.1
3.2
3.5
3.3
3.9
4.1
3.7
3.0
3.4
4.4
4.5
3.7
5.1
3.8
3.8
4.0
4.7
4.8
3.7
4.0
4.5
4.0
3.8
3.9
3.4
3.6
4.3
3.8
5.0
4.2
1.4
4.0
4.7
5.2
4.7
3.8
4.3
4.7
3.8
3.7
4.4
4.4
3.8
3.4
3.4
3.9
3.9
4.4
4.3
4.5
4.4
4.2
5.2
4.1
4.2
3.8
3.4
4.4
3.9
3.7
4.1
3.7
4.6
4.2
4.2
4.2
4.2
3.1
3.8
4.5
3.8
4.3
3.3
3.6
3.7
4.7
4.1
4.6
4.1
4.0
3.9
3.5
4.8
3.7
4.2
3.9
3.9
4.5
4.3
4.4
4.0
4.7
4.1
4.8
3.7
3.5
4.6
3.6
3.5
4.3
3.7
4.5
3.5
3.5
3.8
5.0
4.8
3.2
3.6
4.4
4.0
4.2
4.0
3.9
4.2
3.9
3.8
3.8
4.2
4.0
3.6
4.0
4.1
4.6
4.3
3.4
3.8
3.7
4.2
4.0
4.8
5.2
3.2
3.7
4.0
4.4
4.9
3.6
3.7
4.7
3.9
4.0
4.3
4.3
4.5
3.4
3.7
3.5
4.1
3.9
4.2
3.7
4.5
3.8
3.9
4.0
3.9
4.7
3.4
4.5
4.1
4.2
4.1
4.0
4.5
4.1
4.9
4.1
4.2
3.6
3.5
4.0
4.0
4.4
3.7
4.3
3.9
4.2
5.2
4.4
4.2
4.2
4.9
3.2
4.2
4.2
4.1
3.7
4.1
4.6
4.6
3.9
4.0
3.9
4.1
3.9
3.4
3.5
4.4
4.0
4.7
4.3
4.1
4.2
4.4
5.0
4.2
4.1
4.0
4.0
4.4
4.6
4.1
4.3
4.4
3.6
4.8
4.0
4.1
3.7
3.9
4.0
3.5
4.8
4.8
3.7
3.6
3.8
3.8
4.0
3.9
4.5
4.1
4.0
3.8
4.2
3.5
3.9
4.3
4.5
3.9
5.2
3.9
4.0
3.7
3.6
4.6
4.3
3.6
3.8
3.7
4.4
3.9
4.2
4.3
4.5
3.6
4.3
4.0
4.2
4.2
3.7
4.5
3.7
3.6
4.0
3.0
3.9
3.7
4.5
4.3
3.0
3.6
3.5
3.7
4.2
3.9
3.7
3.9
4.4
3.5
3.9
4.6
4.3
4.3
3.6
4.4
4.2
4.2
4.1
3.8
4.3
3.6
3.6
4.4
4.2
4.3
4.0
4.0
4.8
3.8
3.8
4.1
3.7
3.9
4.4
3.2
3.7
4.3
3.6
3.3
4.6
3.6
3.2
3.8
4.0
5.1
3.9
4.1
3.9
3.9
4.6
4.0
3.4
4.2
3.2
4.2
3.8
3.7
3.7
3.4
4.6
4.0
4.1
3.8
4.3
4.4
4.0
4.2
3.6
4.5
4.2
3.8
3.7
4.0
5.2
4.6
3.9
4.9
2.7
4.0
4.5
3.7
4.3
4.0
4.0
4.5
4.3
3.8
4.2
3.5
2.8
3.9
3.9
4.5
3.6
4.3
3.8
4.6
3.7
4.1
3.7
4.4
4.3
4.0
4.5
4.8
4.0
3.6
4.0
4.2
4.9
3.8
4.0
3.9
4.4
3.7
4.0
4.2
4.1
3.8
4.1
4.5
3.8
3.3
4.4
4.7
4.3
3.7
4.3
4.1
4.2
5.1
3.9
4.2
4.5
4.1
3.7
4.2
4.6
3.8
4.7
3.5
4.4
3.7
3.3
4.0
4.1
4.0
3.9
3.8
3.8
3.8
2.0
4.1
3.8
4.1
4.6
3.6
3.9
4.7
4.5
3.7
4.0
4.4
4.6
4.5
4.0
3.9
4.2
3.7
4.5
3.8
3.7
3.6
4.0
4.1
4.4
4.0
4.4
3.0
3.2
4.5
4.3
4.3
4.4
4.1
4.8
3.6
4.1
3.4
4.0
3.6
3.5
5.2
3.6
4.6
4.0
3.8
3.9
4.7
4.7
4.6
3.7
3.8
4.0
3.0
4.4
4.7
4.3
4.1
3.0
3.8
4.5
3.2
4.4
3.7
3.8
3.9
3.9
4.2
3.9
4.1
4.1
3.7
3.4
4.2
3.9
4.2
4.3
4.0
3.6
3.8
3.3
4.5
4.2
4.6
4.0
3.6
4.2
3.9
4.5
3.6
4.3
3.7
4.5
3.3
4.3
3.9
4.1
4.5
3.8
3.9
4.9
3.9
4.2
4.0
4.0
3.9
4.2
4.8
4.4
3.5
4.2
4.2
4.1
3.3
3.8
4.9
4.5
5.0
3.6
4.7
3.6
3.8
4.2
4.4
4.2
4.1
4.6
4.3
3.8
4.3
4.2
4.6
4.0
4.4
4.2
4.2
4.5
4.2
3.7
3.4
4.1
4.4
4.2
4.1
3.9
3.5
4.0
4.3
4.6
4.5
3.9
4.4
3.7
2.2
3.2
4.7
3.8
4.1
4.4
4.3
3.8
4.4
3.8
4.0
3.6
4.1
3.0
4.4
4.4
3.6
4.1
4.2
4.2
4.4
4.0
4.1
4.1
4.1
3.3
4.4
4.5
3.7
4.3
4.5
3.7
5.0
3.9
4.1
4.5
4.5
4.2
3.9
4.2
4.1
4.6
4.4
4.5
3.9
4.4
3.9
5.1
3.4
4.3
4.0
4.2
4.8
4.4
4.1
3.6
3.0
4.7
3.8
4.3
3.7
4.6
3.8
4.2
4.1
3.8
3.7
4.5
3.9
3.9
4.4
4.1
3.8
3.9
3.5
4.3
3.9
3.9
3.7
4.5
4.1
4.5
4.0
4.2
3.9
4.6
4.6
3.8
4.5
4.0
4.5
4.1
5.2
4.5
4.3
3.8
3.6
4.1
4.1
3.9
4.0
4.5
3.7
4.9
4.4
4.4
4.0
4.3
4.0
4.7
4.7
4.5
4.5
4.8
4.2
3.8
4.1
3.8
4.3
4.1
4.0
3.9
4.2
5.2
3.5
4.6
4.0
4.1
3.5
4.5
4.2
4.4
4.9
4.2
4.6
3.5
4.1
4.4
3.5
3.6
3.6
4.2
4.5
4.1
5.2
4.4
4.1
3.7
3.2
3.8
4.3
4.4
3.8
4.2
3.6
4.7
4.0
4.3
5.0
3.8
3.4
4.0
4.5
3.5
3.8
4.5
4.4
3.9
3.4
3.7
4.0
2.4
3.7
3.9
3.5
3.9
3.9
3.6
4.0
4.2
3.9
4.4
4.1
3.3
3.9
4.3
4.1
4.2
4.2
4.2
4.0
3.6
3.2
4.6
4.5
3.8
4.1
3.3
4.0
5.2
4.2
4.6
4.1
4.3
3.7
4.7
3.9
4.3
4.0
4.0
4.5
4.2
3.4
4.8
3.2
4.1
3.3
4.4
3.9
4.3
4.0
4.2
4.2
4.2
4.8
4.2
3.2
4.0
4.0
4.8
4.0
4.7
4.1
3.4
3.6
3.8
3.5
4.9
3.5
4.1
4.5
3.7
4.2
5059:
4.3
3.5
3.1
3.3
3.8
2.7
3.4
3.3
3.1
3.7
2.7
3.7
3.9
3.4
3.3
3.6
3.0
2.9
2.8
3.2
3.9
3.0
3.4
3.7
3.4
3.4
13189:
2.8
2.5
2.8
3.1
3.1
3.1
4.0
3.2
2.7
2.6
2.9
3.0
2.2
2.9
3.1
2.9
3.0
3.1
2.7
2.2
2.4
2.8
2.7
3.1
3.3
2.5
4.1
2.3
2.9
1.9
3.1
3.1
2.9
2.8
2.6
2.6
3.1
2.4
2.9
2.8
2.5
2.7
1.9
2.6
2.7
3.5
3.2
3.0
3.5
2.8
3329:
3.1
3.8
2.6
3.3
3.8
3.5
3.6
3.5
3.2
4.0
11209:
3.9
3.5
3.1
3.9
3.3
4.0
4.0
3.3
3.9
3.8
4.1
3.4
4.1
3.5
3.2
3.6
3.2
2.5
3.9
3.8
3.7
3.5
4.3
3.1
3.6
2.6
3.0
3.8
3.1
4.1
3.2
4.1
4.0
3.8
4.0
3.8
4.1
4.3
3.9
3.1
4.3
3.7
3.9
3.8
4.0
3.8
3.9
4.3
4.1
3.5
3.9
2.8
3.9
3.3
3.8
3.4
4.0
4.1
3.9
3.4
3.7
4.2
4.0
4.2
3.6
4.0
3.9
3.9
3.7
4.3
3.9
3.6
3.3
3.9
3.5
4.4
4.2
3.6
4.1
3.5
3.1
4.1
3.7
3.5
4.0
3.7
3.7
3.6
4.3
4.1
4.1
3.7
3.6
4.1
3.7
3.3
3.8
4.1
3.7
3.8
3.4
3.9
3.0
3.8
4.0
3.8
3.4
3.6
4.0
4.2
2.9
4.0
3.3
3.9
4.1
4.0
3.3
4.7
3.6
2.6
3.9
4.5
4.0
4.0
3.7
3.6
4.9
3.7
4.4
3.2
3.6
3.8
4.2
3.3
3.5
3.6
3.8
3.6
3.1
3.4
4.1
4.1
4.1
3.6
3.3
2.7
4.2
3.8
4.6
3.4
2.4
3.7
13709:
3.1
3.3
3.3
3.1
3.6
3.6
4.0
3.3
3597:
3.0
4.0
3.2
2.6
2.2
3.2
15121:
3.9
2.8
3.6
3.6
3.7
17046:
4.0
3.7
3.1
3.5
3.3
3.7
4.4
3.2
17623:
3.0
3.0
3.4
3.0
2.7
3.2
3.1
2.7
3.0
2.8
3.2
9440:
2.2
4.4
2.6
3.6
4.0
4.1
4.2
3.9
2.9
4.2
4.0
3.7
3.8
3.1
4.6
4.2
4.8
4.1
3.8
4.7
3.7
3.0
3.8
3.9
4.1
3.2
3.5
2.6
4.1
3.0
3.9
4.1
4.0
4.0
3.8
3.1
4.0
3.7
3.7
4.3
3.5
4.8
2.9
4.4
3.9
4.3
3.4
7257:
3.6
3.6
3.6
3.4
3.0
3.2
3.5
3.3
3.3
3.2
3.7
4.3
2.9
3.5
3.3
3.5
16026:
1.9
5600:
4.2
3.4
2.9
4.1
3.5
3.5
3.6
3.8
3.7
3.6
4.7
3.8
3.4
3.7
3.4
3.1
2.4
4.0
3.7
3.5
3.1
3.2
2.7
3.1
3.8
3.1
4.0
3.8
3.5
2.8
3.7
3.3
11302:
4.1
4.5
3.8
4.2
3.4
3.2
4.3
3.1
4.4
3.6
4.5
4.1
3.1
4.0
4.6
3.5
4.9
4.2
4.5
3.3
4.3
3.8
4.1
4.1
3.8
3.1
3.9
4.1
4.2
3.8
7783:
2.4
1.8
2.4
3.5
2.7
168:
3.5
4.1
2.4
3.6
3.8
3.5
3.1
3.6
3.8
3.3
3.2
2.9
2.9
2.9
3.1
3.6
3.6
3.6
3.7
4.1
4.2
3.8
4.6
3.3
2.6
4.2
2.6
2.7
4.0
3.4
3.1
3.1
4.4
3.9
3.1
4.2
3.2
3.9
3.2
11561:
2.2
1.9
1.5
9067:
3.1
3.5
556:
3.5
2.9
3.8
2.7
3.3
2.6
13229:
4.2
3.5
4.2
4.7
4.0
4.1
3.7
4.4
3.5
3.3
3.6
4.3
2.1
3.4
3.7
3.5
4.0
3.3
4.0
3.7
3.8
3.8
3.8
4.8
4.1
2.9
4.4
3.7
3.0
2.8
3.9
3.9
3.3
3.6
3.7
3.8
10163:
1.6
2.5
3030:
4.6
4.3
3.2
3.1
3.8
3.0
3.7
3.0
3.3
4.4
3.1
3.9
3.1
4.1
3.8
4.2
4.0
3.6
4.1
3.9
4.0
3.5
3.6
3.8
3.7
4.3
3.4
4.6
3.5
3.9
4.5
3.4
3.2
3.6
3.1
3.4
3.5
3.9
4.2
3.3
3.2
3.9
3.9
3.3
4.5
4.1
3.4
3.3
3.3
3.6
4.2
4.2
3.8
4.7
3.7
3.8
3.5
4.2
3.0
3.2
3.4
2.9
4.3
3.8
3.4
3.1
3.4
3.3
3.0
3.5
3.4
4.6
3.6
3.5
4.9
3.7
2.9
4.0
2.5
2.8
3.1
4.4
3.6
4.1
4.0
3.6
4.9
3.3
4.6
4.2
3.6
3.4
3.3
3.1
2.9
4.1
2.6
3.1
3001:
3.0
2.6
3.0
3.0
RMSE: 0.89
