1002:
3.2
2.9
3.5
3.4
3.2
3.7
3.7
2.5
3.4
3.4
4.1
3.6
3.6
2.8
10020:
4.2
4.1
3.7
4.3
3.8
3.8
4.1
4.2
4.6
4.1
4.0
5.0
3.8
4.4
4.2
3.8
4.2
3.7
4.3
3.8
4.3
3.5
3.6
3.7
3.3
2.3
4.1
10021:
2.2
2.4
2.4
1.5
10022:
2.3
3.3
3.0
2.7
3.6
3.6
2.5
2.7
10023:
4.1
4.0
4.1
3.6
4.9
3.5
3.3
3.6
4.2
3.7
4.5
10024:
3.4
4.1
3.8
3.9
3.2
3.3
3.6
3.3
3.7
3.5
10025:
3.1
10027:
4.6
3.6
4.0
3.9
3.0
3.7
3.6
4.4
3.2
4.2
4.0
3.9
4.5
3.5
3.9
4.3
3.8
4.0
4.1
4.0
3.6
4.3
4.0
3.8
4.3
4.0
4.2
4.6
4.6
4.6
4.5
4.2
3.2
3.8
4.2
4.5
4.8
4.2
4.3
3.5
4.4
4.4
5.0
3.7
3.6
4.3
4.3
3.1
4.5
4.5
3.8
4.4
3.6
3.8
3.5
4.4
3.6
3.4
4.4
4.2
4.1
3.8
3.7
3.4
4.4
4.9
3.4
4.2
3.3
4.1
4.2
4.0
4.0
4.4
4.6
4.0
4.3
4.3
3.2
3.8
4.8
5.0
3.4
4.1
4.0
4.5
4.0
4.0
10028:
2.9
3.2
3.4
4.3
4.1
2.9
4.2
10029:
3.7
4.2
4.0
3.0
10031:
3.3
2.9
3.8
2.7
4.0
3.2
2.6
2.6
2.9
10032:
3.3
5.0
4.3
4.4
3.9
3.0
3.5
3.7
4.0
2.9
3.3
3.9
4.8
3.8
4.7
2.7
3.5
3.9
3.4
3.8
3.4
3.2
3.3
4.0
3.8
3.2
3.6
3.7
4.6
3.4
3.8
3.8
4.4
3.9
3.4
4.1
3.7
3.4
4.0
3.5
4.1
3.9
3.6
3.6
3.5
3.8
4.3
10033:
3.6
3.4
2.8
3.9
3.3
2.9
2.9
3.0
3.7
3.2
3.7
3.2
4.8
3.5
10034:
1.8
2.5
10035:
3.6
4.8
4.8
4.1
4.7
4.3
3.8
4.0
4.1
3.5
3.9
4.1
3.9
4.5
3.7
4.0
4.2
4.3
4.6
5.0
10036:
3.4
3.5
3.6
3.4
3.7
3.6
3.3
3.5
2.9
3.2
3.5
3.9
3.9
4.0
4.8
3.8
3.9
4.1
2.7
3.1
3.9
3.7
4.5
3.9
3.8
4.2
3.7
3.9
4.1
3.2
3.6
3.5
2.9
3.4
3.6
3.8
3.9
3.7
3.5
3.8
3.4
3.9
4.5
4.2
4.0
4.1
4.9
4.4
2.7
4.2
3.3
3.8
3.8
3.1
3.6
4.5
3.5
5.0
3.8
4.1
4.0
4.4
3.4
4.5
3.6
4.5
4.0
3.7
3.8
3.9
4.6
4.1
3.9
3.4
4.2
4.2
4.2
3.5
4.0
4.1
3.7
3.4
5.0
4.3
3.0
3.9
3.7
3.8
3.9
3.4
3.6
4.1
3.4
4.4
3.7
3.0
3.8
4.2
3.5
4.4
4.4
4.0
3.5
4.6
3.4
3.1
4.2
3.6
3.6
3.9
3.9
3.3
3.6
3.9
3.5
4.1
4.7
3.2
3.8
3.9
3.7
3.8
4.0
3.8
4.1
3.7
4.6
4.5
3.7
3.5
3.9
3.6
3.4
4.2
3.6
3.2
4.0
4.1
4.3
3.6
4.9
4.1
3.4
3.7
3.5
4.4
3.7
4.2
3.3
3.6
4.1
4.0
4.1
3.5
4.1
3.7
4.8
3.9
3.9
4.5
4.0
3.7
3.8
4.2
3.8
4.0
4.0
4.1
4.0
3.4
3.5
3.4
4.4
3.5
3.9
4.2
3.8
3.9
4.0
4.5
3.8
4.3
3.2
3.9
4.8
4.1
3.7
3.6
4.2
4.0
4.0
3.3
4.0
5.0
4.2
3.2
3.7
3.9
3.1
3.8
3.9
3.9
3.8
3.9
3.5
5.0
4.0
4.1
3.6
3.9
3.8
3.9
4.6
3.5
3.5
10037:
4.0
3.1
3.2
3.9
3.5
3.8
3.3
3.0
3.2
3.8
3.2
3.2
3.3
3.5
10038:
3.8
3.7
3.0
3.4
3.0
3.7
3.4
3.0
10039:
2.1
1004:
2.3
2.6
2.8
2.9
3.5
3.3
2.9
3.8
2.3
2.9
3.2
3.8
3.2
3.1
3.2
2.9
2.7
2.9
2.8
3.0
3.2
2.9
2.8
1.8
2.6
2.2
2.7
3.1
2.5
3.2
2.8
10040:
3.5
3.0
3.6
10041:
3.4
2.9
3.2
2.7
3.2
3.1
3.5
3.0
3.4
2.5
1.6
3.4
3.9
2.6
3.3
3.4
3.2
2.6
3.0
2.4
3.6
2.9
2.7
3.3
3.4
2.5
3.1
2.9
3.3
2.8
3.1
10042:
4.9
4.5
4.6
4.4
4.9
4.7
5.0
4.3
5.0
4.4
4.8
4.2
5.0
4.3
4.9
5.0
3.9
5.0
5.0
4.7
4.6
5.0
3.7
4.9
5.0
5.0
5.0
3.5
5.0
4.9
4.5
4.8
4.7
5.0
4.7
5.0
4.7
4.5
4.2
4.3
4.7
4.5
3.8
4.3
4.6
5.0
4.4
4.3
4.6
3.7
4.6
5.0
5.0
4.1
5.0
4.9
4.1
4.9
4.6
4.8
4.9
4.7
4.7
4.6
3.7
3.8
4.3
5.0
4.4
3.6
4.5
4.2
4.8
4.4
4.4
5.0
4.9
4.6
4.5
4.9
4.1
4.8
4.9
4.7
5.0
4.3
5.0
5.0
3.9
5.0
4.2
4.4
5.0
4.5
4.7
5.0
4.7
4.6
4.8
4.8
4.7
4.9
4.4
5.0
5.0
4.6
4.7
4.6
5.0
4.7
4.9
4.7
4.2
5.0
4.4
4.6
4.7
4.9
5.0
5.0
4.0
5.0
4.8
5.0
4.8
5.0
4.0
4.4
4.8
4.4
4.2
4.7
4.6
3.0
4.5
4.5
5.0
5.0
4.4
5.0
4.6
5.0
4.7
4.4
4.5
5.0
5.0
3.9
4.1
4.8
4.4
4.9
5.0
4.9
5.0
4.5
4.7
4.4
4.0
5.0
3.9
4.8
4.8
5.0
4.9
4.9
4.4
4.5
5.0
4.7
5.0
5.0
4.4
4.6
5.0
4.3
4.9
5.0
5.0
4.7
4.4
4.8
5.0
4.5
4.6
5.0
4.2
3.8
4.7
4.9
4.2
4.4
5.0
4.5
5.0
5.0
5.0
4.7
4.7
5.0
4.8
5.0
4.0
5.0
5.0
1.9
4.7
4.6
4.8
4.4
4.7
4.4
5.0
5.0
5.0
5.0
5.0
4.8
4.5
4.8
4.6
4.9
5.0
5.0
5.0
4.6
5.0
4.5
4.5
4.3
4.8
4.9
4.7
4.5
5.0
4.8
5.0
4.5
4.9
4.8
4.5
5.0
4.2
5.0
4.9
4.8
5.0
4.7
4.5
4.7
4.2
4.5
5.0
4.4
4.8
4.2
4.1
4.6
4.8
4.3
4.5
4.4
4.7
5.0
3.9
4.4
4.5
4.5
4.2
4.1
4.7
5.0
5.0
5.0
3.9
4.3
4.3
4.8
4.7
4.7
4.8
4.6
5.0
4.4
4.9
4.7
4.4
4.8
4.2
4.9
4.6
4.6
4.8
4.2
5.0
4.3
4.2
4.8
5.0
4.3
4.8
5.0
4.9
5.0
4.1
4.8
4.8
5.0
5.0
5.0
5.0
4.4
4.8
4.7
4.5
5.0
4.8
4.2
4.9
4.4
4.7
4.6
5.0
4.8
5.0
5.0
4.7
4.7
5.0
4.7
4.9
5.0
4.2
5.0
4.5
4.8
5.0
5.0
4.2
5.0
5.0
4.7
5.0
5.0
4.2
5.0
4.9
5.0
4.2
4.8
4.8
4.4
4.8
4.4
4.0
5.0
4.7
4.7
4.6
4.9
4.3
4.5
4.8
4.7
4.8
4.5
4.6
4.5
4.9
4.8
5.0
4.9
4.7
4.4
4.7
5.0
4.0
3.8
4.5
4.3
4.6
4.7
4.4
4.9
4.4
5.0
4.8
4.3
4.3
4.8
4.8
4.3
4.5
4.5
4.2
5.0
5.0
4.0
4.6
4.8
4.8
4.7
4.3
5.0
4.6
4.3
4.9
4.4
3.9
5.0
5.0
4.2
4.8
4.4
4.6
4.8
4.1
5.0
4.9
4.0
5.0
4.4
5.0
5.0
4.9
4.3
5.0
5.0
4.9
4.7
4.2
4.9
4.1
4.7
4.8
4.2
4.5
3.2
4.0
4.7
4.5
4.8
4.8
4.6
5.0
4.7
4.9
4.5
4.6
4.0
4.3
5.0
4.0
5.0
5.0
4.9
4.2
4.9
4.6
5.0
4.8
4.3
5.0
4.3
5.0
4.6
5.0
3.6
5.0
5.0
4.7
5.0
4.3
5.0
4.7
4.8
4.8
5.0
4.3
4.2
4.5
5.0
4.6
4.5
5.0
4.6
4.3
4.6
4.6
4.2
4.8
4.6
4.1
4.7
4.5
4.8
3.4
4.8
4.7
4.3
3.6
4.3
4.5
4.1
3.7
5.0
4.7
5.0
4.1
4.7
4.6
4.8
4.7
5.0
5.0
5.0
5.0
5.0
4.4
4.3
4.9
4.4
4.1
4.7
5.0
5.0
4.2
4.2
4.0
5.0
5.0
4.0
4.6
4.9
5.0
4.5
5.0
5.0
4.6
4.5
4.3
5.0
4.9
4.5
5.0
5.0
4.3
5.0
4.8
4.1
4.2
5.0
5.0
2.9
4.4
5.0
4.8
4.3
4.1
5.0
4.5
4.5
5.0
4.6
5.0
5.0
4.9
4.4
4.6
4.1
5.0
3.7
4.3
5.0
4.4
5.0
4.8
3.6
5.0
4.7
5.0
4.1
4.6
4.5
4.4
4.8
4.5
4.9
5.0
5.0
4.6
4.8
4.5
4.2
4.2
4.9
5.0
4.9
4.6
4.3
5.0
5.0
4.7
5.0
3.7
4.8
4.0
4.7
5.0
4.4
4.5
4.3
5.0
4.7
4.2
4.5
4.5
5.0
4.2
4.4
4.0
4.7
4.7
4.5
4.3
4.5
4.1
4.0
4.6
4.4
4.9
4.9
4.7
4.4
4.6
4.2
5.0
4.4
4.9
5.0
4.9
4.6
4.8
4.9
5.0
5.0
5.0
4.5
4.9
4.7
4.4
4.5
4.8
4.7
4.9
4.9
4.5
4.9
4.8
4.7
3.7
4.9
4.4
4.7
4.7
4.8
4.3
4.2
4.4
4.6
5.0
4.4
5.0
5.0
5.0
4.7
4.2
4.5
4.2
5.0
5.0
4.4
5.0
4.5
4.8
4.3
4.6
5.0
5.0
4.3
4.3
5.0
4.8
4.4
4.5
4.6
5.0
5.0
4.4
4.6
4.6
4.1
4.6
4.7
5.0
4.7
4.3
4.6
4.4
4.5
4.9
4.4
4.7
5.0
4.7
5.0
4.8
4.8
5.0
4.6
4.1
5.0
5.0
4.7
4.3
4.1
4.7
4.3
4.1
4.3
4.8
4.7
4.9
4.1
5.0
4.7
4.4
4.5
5.0
3.7
4.7
4.6
4.7
5.0
4.6
4.6
5.0
4.9
4.9
4.7
4.2
4.6
5.0
4.5
4.5
5.0
10043:
4.5
4.3
4.3
3.7
4.7
4.7
3.7
4.3
4.8
4.5
4.4
4.5
4.3
4.9
4.3
4.1
5.0
4.2
4.4
3.9
4.5
4.8
4.4
4.3
4.0
4.5
4.2
4.5
4.4
3.2
4.1
4.2
4.3
4.2
4.7
4.2
4.2
4.8
4.4
4.0
3.0
3.8
3.8
4.2
3.8
4.4
2.5
4.2
4.1
4.8
3.7
4.5
4.1
4.2
4.0
3.8
4.4
3.8
4.6
4.8
4.9
4.1
5.0
3.7
10044:
4.2
3.7
3.5
3.7
4.0
4.5
3.5
4.0
3.2
3.7
3.7
2.9
3.4
4.3
3.9
4.7
4.3
3.0
4.8
4.1
3.8
3.9
3.4
4.0
3.3
3.6
3.3
3.6
4.2
3.8
3.5
3.9
4.2
3.5
4.1
3.6
3.8
3.7
3.7
3.6
3.6
4.5
3.6
2.8
4.5
3.6
3.4
3.3
3.7
3.7
3.5
3.3
3.4
3.8
3.5
3.9
3.8
4.0
3.5
3.4
4.1
3.9
4.2
3.6
10045:
3.6
10046:
2.6
2.5
1.8
10047:
4.0
4.6
3.8
4.3
4.6
3.1
4.1
3.9
10048:
3.0
3.5
3.5
3.0
3.6
4.0
3.7
10049:
2.6
2.1
2.0
1005:
3.2
3.0
2.6
2.5
2.8
3.5
3.3
2.4
3.6
2.9
3.6
2.6
2.9
10050:
3.0
2.4
3.2
2.6
3.3
2.4
10051:
3.2
3.0
2.8
3.7
3.1
3.3
3.2
4.3
3.8
1.6
3.0
4.1
3.8
4.0
3.6
4.6
2.6
3.3
3.4
4.3
3.2
10052:
3.3
3.4
3.3
2.7
3.4
10053:
3.7
3.7
3.5
3.5
4.3
3.7
3.9
3.9
3.6
4.8
4.6
3.8
4.1
4.1
4.1
3.4
4.0
3.4
4.1
3.6
3.5
3.6
4.2
4.2
3.6
3.8
3.7
4.4
4.8
4.1
3.3
3.3
5.0
3.3
3.5
3.9
4.3
4.0
3.4
4.0
2.9
3.4
3.9
4.1
4.5
3.6
4.5
3.5
4.2
4.6
3.5
3.5
4.4
3.9
4.2
3.8
3.5
4.1
3.7
3.5
4.7
3.4
3.5
3.9
4.2
3.7
4.2
3.4
10054:
3.2
2.9
2.8
3.0
2.3
3.0
2.2
3.2
3.2
3.3
2.5
2.8
10055:
4.0
3.6
3.6
3.7
3.7
3.6
4.2
3.7
3.4
3.1
4.0
2.5
3.6
3.5
3.2
2.2
3.0
3.5
3.7
3.1
3.2
3.3
3.4
3.3
3.5
3.6
3.2
3.2
3.0
3.9
3.7
3.7
3.1
3.6
3.3
3.0
3.7
3.4
3.8
3.5
3.9
2.8
3.3
3.7
2.6
3.8
3.5
3.2
2.8
3.0
3.1
3.7
3.2
2.9
3.2
3.5
3.7
2.7
3.1
3.5
3.3
2.7
3.6
3.9
3.1
3.3
3.4
3.1
3.3
3.4
2.9
2.8
3.5
3.5
2.9
3.3
3.1
3.0
3.7
10056:
1.7
3.3
3.4
3.5
2.8
3.4
3.8
10057:
2.5
2.9
2.6
3.4
3.2
2.9
10058:
2.9
3.2
10059:
1.8
1006:
4.2
4.2
3.7
4.5
4.5
4.1
4.1
4.9
3.7
3.9
3.8
3.4
4.2
4.5
4.5
3.9
4.1
4.9
4.5
4.4
3.8
3.4
4.2
3.6
3.8
4.3
3.9
4.1
4.3
4.9
10060:
2.9
2.2
4.0
2.8
2.4
2.8
3.2
3.5
3.9
10061:
3.8
3.9
4.6
4.5
4.4
4.5
5.0
4.5
4.4
4.4
5.0
4.2
3.7
4.0
4.3
4.6
4.5
5.0
4.3
4.2
4.4
5.0
3.3
4.6
4.1
5.0
5.0
4.7
4.4
4.2
5.0
4.4
4.0
4.5
4.5
4.8
4.6
3.8
5.0
4.7
5.0
4.1
4.5
5.0
4.5
4.4
4.9
4.6
5.0
4.4
4.0
4.5
4.3
4.4
5.0
5.0
4.6
4.8
4.1
3.5
4.4
4.4
4.6
4.5
4.6
4.1
3.9
4.9
4.2
5.0
4.1
4.2
5.0
4.4
4.2
5.0
4.3
4.8
4.2
4.4
4.7
4.6
4.5
4.4
4.1
4.2
5.0
4.5
4.4
4.8
5.0
4.2
5.0
5.0
4.4
4.6
4.8
4.4
4.9
5.0
4.2
4.2
3.9
4.7
4.9
3.4
3.8
4.3
5.0
5.0
4.2
4.0
4.4
4.3
4.0
4.0
5.0
5.0
4.2
3.6
4.8
3.8
4.3
4.4
4.0
4.9
4.4
4.3
4.4
4.1
4.6
3.9
4.7
5.0
4.2
5.0
4.9
4.2
4.6
4.2
4.4
4.2
3.8
4.8
4.5
4.6
4.9
4.6
4.7
5.0
5.0
10062:
3.1
3.2
10063:
3.8
3.6
3.8
4.0
4.8
4.3
4.6
5.0
2.1
3.7
3.9
4.7
4.5
4.1
10064:
2.2
2.9
3.0
10065:
3.2
3.1
3.1
2.7
3.3
3.8
2.6
2.2
2.4
2.8
2.6
2.5
3.1
3.9
3.7
3.1
2.7
3.7
3.3
3.3
2.8
3.3
3.0
3.0
3.8
3.3
2.8
3.5
2.2
2.7
2.4
2.3
3.1
2.6
2.1
3.8
10066:
2.7
3.3
2.8
2.9
2.7
10067:
3.3
3.3
4.3
3.9
3.5
3.6
3.7
10068:
3.8
4.3
3.2
4.1
2.6
4.1
10069:
2.6
1.9
2.3
1007:
3.5
3.1
4.1
3.3
3.8
10070:
2.6
1.6
1.1
10071:
4.0
3.9
3.9
4.7
4.1
3.9
3.9
3.9
4.2
4.4
3.8
4.4
3.8
4.0
3.2
4.4
4.0
4.3
3.7
4.1
4.1
10072:
4.1
4.3
4.3
4.5
3.8
4.1
3.6
4.2
4.6
3.8
3.9
4.7
4.6
3.7
4.3
4.4
4.1
4.2
4.4
4.0
3.3
4.3
4.5
4.7
3.8
3.7
4.4
3.8
3.6
4.6
3.9
4.8
4.0
4.7
4.0
5.0
3.7
4.8
4.0
4.5
4.1
3.3
4.2
5.0
4.2
3.4
4.1
4.3
4.4
4.2
3.8
4.4
3.9
4.5
4.0
3.8
3.8
5.0
3.5
3.5
4.1
4.2
4.7
4.2
4.2
3.4
4.0
5.0
5.0
4.5
4.5
4.1
3.9
4.5
10073:
3.6
3.3
3.0
3.4
3.6
3.7
3.1
2.7
2.7
2.6
3.4
4.4
3.6
3.2
4.3
3.5
3.4
10074:
5.0
4.1
4.7
3.9
4.4
3.9
3.6
4.2
4.3
3.6
4.5
4.6
3.7
5.0
3.3
10075:
2.5
10076:
3.9
3.7
3.3
4.3
4.1
3.7
4.6
10077:
4.6
4.7
4.0
3.6
4.1
3.6
4.3
3.8
4.3
4.0
2.8
4.3
4.2
10078:
3.0
2.5
3.4
3.4
3.4
3.1
3.3
3.4
3.9
3.5
3.7
3.4
3.8
3.9
3.8
3.1
3.7
3.8
3.1
2.6
2.8
3.0
3.6
3.2
3.4
3.9
2.8
3.0
3.3
3.8
3.6
3.3
3.1
2.9
2.9
3.2
3.1
4.0
3.0
3.3
3.4
2.6
3.9
2.9
3.8
3.3
3.4
3.3
3.4
3.3
3.1
3.0
3.1
3.0
3.7
3.2
3.2
3.1
2.7
3.1
3.3
3.1
3.0
3.8
2.9
3.2
3.4
3.3
3.0
3.6
3.3
3.1
2.9
3.3
3.0
3.5
3.3
3.4
3.3
3.5
3.6
3.2
3.0
3.0
3.4
3.1
4.0
3.3
3.6
3.0
3.5
4.2
3.0
3.6
3.3
3.8
3.5
3.3
3.7
3.3
3.4
3.3
3.4
2.7
3.4
4.0
3.3
3.3
4.2
2.9
2.9
3.4
4.7
2.5
3.3
3.2
2.8
3.3
3.7
3.0
3.0
3.0
2.8
4.5
2.7
3.8
3.1
3.2
3.2
3.7
3.4
3.4
3.5
3.3
3.9
4.0
3.2
3.0
3.5
3.3
3.7
10079:
4.5
4.1
5.0
4.4
4.8
4.2
3.8
4.1
4.8
3.9
3.9
5.0
4.9
3.9
4.3
4.8
4.2
4.0
5.0
4.5
4.9
1008:
4.0
4.1
3.7
2.8
4.5
4.6
3.4
3.5
3.0
3.6
3.4
3.7
4.7
3.4
4.3
4.2
4.0
3.6
5.0
4.0
4.3
4.1
4.3
3.6
3.6
3.2
3.3
4.1
2.9
4.1
3.8
3.5
3.4
3.3
3.6
3.7
2.3
3.5
4.1
3.8
10080:
4.6
4.3
4.4
4.2
4.6
4.4
4.9
5.0
4.5
4.5
4.3
4.6
4.4
4.6
4.1
4.0
4.0
4.5
5.0
4.7
4.4
4.1
5.0
4.6
4.6
4.7
3.9
4.7
4.3
4.0
5.0
4.6
4.3
3.8
4.2
4.2
5.0
4.3
5.0
4.6
4.1
4.2
4.3
4.5
4.8
5.0
4.7
4.9
4.2
4.7
4.5
4.0
4.8
4.5
4.0
3.4
4.8
4.0
4.5
4.7
5.0
4.2
5.0
4.0
4.2
4.4
3.5
3.9
3.6
3.7
4.3
4.4
5.0
4.2
4.5
4.4
4.9
3.8
4.5
4.3
4.6
4.8
4.9
4.6
4.2
4.3
4.3
4.5
3.6
4.6
4.3
4.6
4.7
4.8
4.3
4.3
4.5
4.5
4.3
4.1
4.5
5.0
5.0
3.9
4.9
4.5
4.8
4.5
4.4
4.8
5.0
4.4
4.6
4.4
4.2
5.0
4.5
