10038:
3.9587072155411653
3.1342391304347825
2.9467391304347825
3.1195332480818414
2.937503735245779
3.4157925284930353
3.418137435519528
2.735116323417239
10039:
1.4761904761904758
1004:
2.175135400157349
2.2278458257246796
2.5742398777692896
2.568066244328775
3.083053437091323
2.7976361041843836
2.897718138638855
3.5239790082040723
2.068243822542465
2.8942398777692895
3.02878337938046
3.52017874239811
3.1667398777692894
2.839954163483575
2.449477973007385
2.068525592055004
2.6419591760149035
2.937573211102623
2.5542398777692896
2.7660045836516423
3.058785332314744
2.5800463293821925
2.439511195598747
1.4542398777692895
2.409795433324845
2.0507916019072203
2.7246102481396597
2.8293202636213794
2.2611090983769513
2.8440357961366365
2.8610891928377824
10040:
2.9725423728813554
2.780724191063174
3.466523931976075
10041:
3.3331414617128905
2.8007573187759833
2.9524920009107576
2.586499215070644
2.9490418448546527
3.0016002430748974
3.5672684458398747
2.898013787454781
3.2101255886970175
2.628133636986756
2.3172684458398742
3.242597726488304
3.713697017268446
2.5705151990866275
3.0442525728240013
3.2906578015821712
3.0040816326530613
2.498072017268446
2.779129116033878
2.268007362096032
2.7469059724923266
3.020275964636867
2.5589097832258925
2.7944347221864785
3.189221951651648
2.2532950426563163
3.0980987266701554
2.620404334341617
3.130884517268446
2.657457924772809
3.178732604457058
10042:
4.6722521776012975
4.16949697072729
4.662334718479432
4.291840001386513
4.491535123337732
4.943570007058662
5.137368456671065
4.113839044906359
5.151861210294253
4.301241827248346
4.717521128426791
4.304035123337732
4.745211593925967
4.477948166815993
4.607716104932823
4.964035123337732
4.167671486974095
4.9322402515428605
4.782295992902949
4.665146234448843
4.339580147034415
4.982379072382318
3.6676714869740956
4.500463694766303
4.640769817215283
5.1736003407290365
4.779704223094423
3.3502244997811497
4.792407216360988
4.687152006454615
4.583104890779593
4.778394097696706
4.613080349468385
5.1275645351024375
4.627564535102438
5.255992418711397
4.446892266194874
4.6227851233377315
4.227680443534776
3.9426489847238706
4.707588422830117
4.40868628612843
4.2655735848761935
4.147560303193847
4.385810824272312
5.033764853067462
4.614845934148542
4.096169954798405
4.45173753033992
4.083104890779593
4.490991645076862
4.946892266194875
5.164500239616801
4.00183732113993
5.316230245288951
5.064904688555123
3.804035123337732
4.705995907651458
3.974766830654805
4.400526351407907
4.614845934148542
4.4953102911229665
4.632863952166561
4.4875794271352
3.7719363579056333
3.9255947563652547
4.34249666179927
4.924035123337732
4.375463694766303
3.9682142278153436
4.236177980480589
4.0747774814163344
4.625691174293146
4.280049883485333
4.1186418649107654
5.144944214246823
4.964035123337732
4.499347623337732
4.5476248669274755
4.804035123337732
4.04276191378866
4.499687297250775
4.772662574318124
4.539329240984791
5.04213036143297
4.245476564779173
4.387368456671066
4.784035123337732
3.931525163178369
4.9828430703576
4.274761118653891
4.6890925946021
5.599953490684671
4.444233634503985
4.504035123337732
4.908201790004399
4.525463694766303
4.6234795677821765
4.507738827041436
4.314972623337732
4.862006137830486
4.929035123337732
4.324502959595042
5.321682182161261
4.804035123337732
4.418789221698388
4.525928614461993
4.564334748805896
5.213558932861542
4.5099174762789085
4.968508807548258
4.603436320942523
3.9848697446669434
4.90320867705674
4.066171045667829
4.444446082241841
4.62998449042634
4.004035123337732
4.670701790004399
5.188650507953117
3.865982025992599
5.2804502176773545
4.592532340406377
5.304035123337732
4.889749409052017
5.583446888043614
3.940398759701368
4.321861948465067
4.672456175969311
4.163832420635029
4.25931967618326
4.667671486974095
4.533007085954554
2.7040351233377318
4.449537768840377
4.494035123337731
5.266219997287312
5.54213036143297
4.172035123337732
5.171123730932669
4.439932559235167
5.359590678893287
4.496948509164504
4.410095729398337
4.551023075144961
4.527719333864048
4.704035123337732
3.946342815645424
4.146627715930324
4.95620903638121
4.241535123337732
4.737858652749496
5.512368456671065
4.586643818989906
4.864276087193153
4.437622909597273
4.378503208444115
3.921319073955016
4.0135589328615415
4.804035123337732
3.616389435692044
5.068186066733959
4.596242915545524
4.640193315428127
4.366535123337732
5.082230612059536
4.333651848076408
4.2771030390285985
4.424724778510146
4.708978089117199
5.004035123337732
5.006566768907352
4.132802246625403
4.294285819716562
4.975305841569776
4.314239204970384
4.7187410056906725
5.191966157820491
5.457881277183886
4.690291047508348
4.155966453809835
4.573265892568501
5.0818129011155095
4.332444214246823
4.642744800757087
5.205443574041957
4.237919420858393
3.804035123337732
4.414035123337731
4.977948166815993
4.20620903638121
4.537368456671065
4.994117767965831
4.190589745186472
4.990475801303834
5.144035123337732
5.018320837623446
4.423944625600175
4.611944727857506
4.7484795677821765
4.6611779804805895
4.87221694151955
4.679035123337732
4.438866584011889
4.775463694766303
3.2040351233377318
4.804035123337732
4.620789050039303
4.712858652749496
4.338126032428641
4.2566667022851
4.371476983802848
5.1498997849918675
5.08761721288997
5.226257345559954
4.956577496219087
4.889934637114069
4.804035123337732
4.535742440410903
4.828683010661676
4.412730775511645
4.841209844527323
5.083696140286884
4.81197163127424
4.597513384207297
4.777948166815992
4.977112046414655
4.266552803677195
4.5313078506104585
4.499687297250775
4.6192525146420795
4.643115583107846
4.54213036143297
4.390750990496404
5.172456175969311
4.520453033785493
4.973265892568501
4.293046112348721
4.76672169050191
4.685276688789823
4.236467555770164
5.294601161073581
4.101907463763264
4.9191036164884165
4.809559985216185
4.871704296270063
5.362858652749496
4.886679751436906
4.5313078506104585
4.745211593925967
4.004035123337732
4.576762396065005
5.4230827423853505
4.470701790004398
4.470701790004398
4.434804354106962
4.107902526652649
4.851654170956779
4.736467555770164
4.036467555770164
4.052210305819484
3.9745777589966464
4.582661077536205
5.204035123337732
3.8315580591175484
4.432353707408528
4.4572143140891765
4.859590678893287
4.298417145809642
4.329458852151291
4.568035123337731
5.045414433682559
4.4644124818282975
4.215799829220085
3.9736072311031836
4.151403544390364
4.518320837623446
4.823265892568501
4.619919599872028
4.625183948403006
4.544775864078472
4.275786535767111
4.887368456671065
4.349489668792277
4.770701790004399
4.373265892568501
4.038269357571966
5.004035123337732
4.29526319351317
4.754035123337732
4.761481931848371
4.1534327136991775
4.8204285659606825
4.236035123337732
4.893076219228143
4.157347426176848
4.402575269323133
4.642744800757087
4.354035123337732
4.432727106460095
4.7788552672226245
4.637368456671066
4.686388064514203
4.604920079089944
3.9319421000819177
4.594158580127855
4.5155735848761935
4.605453563054044
4.769552364717042
4.799273218575827
4.573265892568501
4.30633927080317
4.755254635532854
4.485423135956029
4.521592375246129
4.990081634965639
4.290521609824218
5.026257345559954
4.959298281232469
4.325402644705253
4.814451790004399
4.260626763209114
4.973677980480589
4.770279849076129
4.930248715570742
4.973906918209527
4.9858533051559135
4.662525689375467
5.104035123337732
4.554035123337732
5.009392266194875
4.62221694151955
4.022785123337732
4.910831239842587
4.308382949424688
4.689966682273093
4.753187665710613
5.323265892568501
4.324035123337731
5.059419738722347
5.023815343117952
4.77462335863185
5.015955653139057
5.6191611737579
4.210628529931139
4.883637113387483
4.844851449868344
5.254035123337732
4.281454478176442
4.8173684566710655
5.227112046414655
4.301111146729545
4.925656744959354
4.385231704534313
4.00732054428229
4.663410123337732
4.7313078506104596
4.925247244549853
4.409668926154634
4.682577633459189
4.304035123337732
4.291535123337732
4.487452208764868
4.477112046414655
4.577368456671065
4.470701790004398
4.0818129011155095
4.2484795677821765
5.304035123337732
4.24072762979768
5.400188969491578
4.546892266194875
4.496342815645424
4.430701790004399
4.491978385749079
5.321792132683527
3.923082742385351
3.7382456496535212
4.72338996204741
4.720701790004398
4.571276502648077
4.645304964607574
4.0193129011155095
4.737368456671065
4.304035123337732
5.002148330884902
4.507738827041436
4.375463694766303
4.128359447662056
4.58761721288997
4.613558932861541
4.1273433940144235
4.59191391121652
3.980505711573026
4.116535123337732
5.34087722860089
4.617221936524546
3.897275216577825
4.490782111289539
4.785573584876193
4.470701790004398
4.437526434554162
4.287551606854215
4.378109197411806
4.535086468081008
4.590551977270316
4.804035123337732
4.485194543627587
3.9057300385919693
4.9040351233377315
5.0598490768261035
4.109281546231214
4.73540767235734
4.49791267435814
4.1540351233377315
4.720411429957941
4.126919135876917
5.204035123337732
4.739100058402666
3.8873684566710653
5.518320837623446
4.590856828764089
4.737368456671065
5.186847623337732
4.62008209006963
4.101188148248764
4.908873833015151
5.172456175969311
4.783626960072426
4.228277547580156
4.296222623337732
5.010141993566739
4.069095364301587
4.6345435979140035
4.705674467600026
3.943477354413429
4.451093946867143
3.2999700826873255
4.304035123337732
4.484886187167519
4.295560547066545
5.0787603980630065
4.607956691965183
4.597685916988525
4.970701790004399
4.687906091079667
4.77462335863185
4.429035123337732
4.397785123337732
4.087985740621683
4.357226612699434
5.042613803540777
3.7434290627316713
4.946892266194875
5.144035123337732
5.034804354106963
4.171682182161261
4.746658074157404
4.4285634252245245
4.883745268265268
4.475014790620541
4.192924012226621
4.22338996204741
4.106193396719027
5.604035123337732
4.595079899457135
4.913126032428641
3.647278366580975
4.782758527593051
5.325311719082412
4.684987504290113
4.5313078506104585
4.3771345385424105
5.111727431030039
5.349489668792278
4.929909249211858
4.783416566636701
5.201762396065004
4.214482884531762
3.9507017900043984
4.674405493708102
4.73680823258143
4.400526351407907
4.219977152323239
5.4440351233377315
4.1559514996443525
3.749090068392677
4.453909178753349
4.566921721275876
4.251004820307429
4.611052667197381
4.319186638489247
4.0313078506104585
4.617221936524546
4.559386805294919
4.864641183943792
4.4230827423853505
4.659539710493695
4.606504259140201
4.214035123337732
3.6914397034904036
3.885253397449407
4.518320837623446
4.109590678893287
3.5301177013840563
5.134001453304061
4.749133162553418
4.890649296566078
3.9278446471472557
4.654895543987827
4.564035123337732
4.930297749600358
4.534469905946427
4.433664752967362
4.902074339024006
4.954978519564147
5.373802565198197
4.929035123337732
4.281512600815209
4.333446888043614
4.891663989317113
4.2484795677821765
4.155759261268766
4.461011867523778
5.370701790004398
4.632606551909161
4.518320837623446
3.909554603857212
3.681586143745895
5.257587035906038
4.715510533173798
4.124035123337732
4.289542369714543
4.843583145936602
5.137368456671065
4.357299728148728
5.362858652749496
5.349489668792278
4.967300429460181
4.554035123337732
4.128359447662056
4.991535123337732
4.838048728779909
4.483553195626889
5.05155987581298
5.3397494090520174
4.048158088979685
5.333446888043614
4.778930520827272
4.587368456671065
3.744035123337732
3.544775864078473
5.0897494090520174
2.929035123337732
4.420701790004399
4.897202825201086
4.373265892568501
4.299204205463336
3.992924012226621
4.804035123337732
4.278394097696706
4.2018046400663565
4.851654170956779
4.525123558711881
4.8692525146420795
5.018320837623446
4.438181464801147
4.082796185284634
4.595174363844061
4.075640061609336
4.2942312017691044
4.026257345559954
3.9952115939259674
5.063922128987449
4.163009482312091
4.823143403592509
4.5626558129929045
3.804035123337732
4.586643818989906
4.560445379747988
5.115146234448843
3.8547679305530647
4.365010733093829
4.104553258052758
4.150569776803078
4.5313078506104585
4.383400202702811
4.757523495430755
5.0897494090520174
4.992440920439181
4.5818129011155095
4.612481578843011
4.1967623960650045
4.3222169415195495
3.94115886915713
4.5240351233377325
4.7362385131682405
4.791296269834547
4.375463694766303
4.096718050167
4.611264039000382
4.829035123337732
4.574305393608002
4.090584830940071
3.776410813945467
4.692924012226621
4.412730775511645
4.454035123337732
5.161177980480589
4.026257345559954
4.384316813478577
4.0818129011155095
5.0938901958015
4.692924012226621
4.221426427685557
4.348636062304868
4.304035123337732
5.345701790004399
4.319186638489247
4.168618456671066
4.048479567782176
4.518878873337732
4.574971083928865
4.4987719654429945
4.121682182161262
4.610157572317323
3.917599792107448
3.798687529754844
4.709695500696222
4.4040351233377315
4.642270417455379
4.76793404030524
4.659354272273902
4.3389188442679645
4.528493327672097
4.1231840595079445
5.368137687440296
4.612892932195541
4.804035123337732
4.948051350518259
4.795508935761605
4.0897494090520174
4.754035123337732
4.695927015229624
4.9085127352780304
4.86776061353381
5.34249666179927
4.399273218575827
4.329035123337732
4.401257345559954
4.341593808783742
4.5617274310300395
4.604035123337732
4.6797107990134075
5.01680108078454
4.847513384207297
4.463375782678391
4.762368456671066
4.408610286736424
4.700261538432072
3.6089131721182195
4.950701790004398
3.844035123337732
4.561929860179838
4.847045876025904
5.022785123337732
4.489220308522917
4.104035123337732
4.302931370578349
4.652582841180056
4.550870566375707
4.280582965739233
4.917747497919672
5.101907463763264
5.352707689709414
4.745895588454011
4.008953156124617
4.6611779804805895
4.0966618514483315
4.28504778156558
5.240499211735522
4.3589484181354194
4.844357703982893
4.045211593925967
4.557281876584485
4.361287031734678
4.412730775511645
5.1630094823120904
4.36141217251806
4.33195390506362
4.1899046885551225
5.087368456671065
4.576762396065005
4.434804354106962
4.52198384128645
4.730958200260808
4.7484795677821765
4.926985943009863
4.576093946867143
4.549001566290752
4.686388064514203
3.8909916450768622
4.427797499575355
4.748715974401561
4.714349024683024
4.923693242995851
4.470701790004398
4.390701790004398
4.168841990290522
4.446726538650957
4.482001225032647
4.124347623337732
4.655886975189583
4.96947629980832
4.720701790004398
5.012990347218329
4.799084628288227
4.511900291877058
4.777368456671065
4.490782111289539
4.110486736240958
5.022910625345764
5.1900816349656385
4.628710448013057
3.936432314912456
4.2471044302684255
4.691790225378549
3.4707017900043984
4.020251339553948
4.1316213302342835
4.63056573558263
4.578638297940906
5.1198245970219425
4.2184495377521465
5.06259025641758
4.600035123337731
4.390242019889456
4.480012776969017
4.304035123337732
3.5067378260404345
4.549489668792278
4.575463694766303
3.9540351233377318
4.859080994897365
4.159126507149742
4.544775864078472
4.99234681164942
4.841177980480589
4.825774253772514
5.220701790004399
4.213871188911503
5.100331419634029
5.083255902558511
4.4403987597013685
4.715146234448843
4.702265211833307
10043:
4.20299727520436
4.110772074131974
3.9647950280133486
3.547513404236618
3.961136810088081
3.9144336887450732
3.614088509551408
4.119978407279831
4.693906366113451
3.91537124404029
4.210689582896667
4.52018477520436
3.959335303373374
4.383692255899341
3.958552830759915
3.764960465388409
4.4872078015201495
4.011692927378273
3.801145423352508
3.6983461124136623
4.43424727520436
4.452379991253743
4.109380253927764
4.340068213419462
3.6829972752043596
4.164902037109122
4.114108386315471
4.52387639608348
4.429878995634468
3.252093980836666
3.8908370463059336
4.13737227520436
3.950901466821126
4.241903050280348
4.207466548947377
3.943769807393201
4.2299203521274364
4.590699540576528
4.546561631640003
4.002997275204359
4.30299727520436
3.5577393717101833
2.8111605405104823
3.937002312987735
3.81344503639839
4.20271911108753
3.8575427297498144
4.447114922263183
4.009277468441075
4.40299727520436
3.57557410735566
4.0977341173096224
3.943813601734972
4.0943016230304465
4.173639477039222
3.6807750529821375
3.55924727520436
3.68424727520436
4.40299727520436
4.767862140069225
4.6262982460781465
4.36339331480832
3.577600449807534
3.89176132014818
10044:
4.033209313731468
3.629021423150569
3.196709531828691
3.6817371126009526
3.7835889644528042
4.387192568056408
3.604950466800222
3.772376843240683
3.1150704459342857
3.496980101254346
3.521953098607493
2.7025898981596206
3.1169222977861377
4.022094711579241
3.7036569916636886
4.455300021757082
4.055328094887587
2.8669222977861377
4.616295731370098
4.009283408897248
3.4699757329006413
3.96877414963799
3.5495570283250597
4.031628180139079
3.3166939872838546
3.4315481481262737
3.0378624687263085
3.6900355053333076
3.8669222977861377
3.949680918475793
3.3517707826346226
3.972027402891243
4.327239758103598
3.2807799756887595
3.935748208717312
3.464207365659441
3.7419222977861377
3.627631308125872
3.4817946618260933
3.336220543400173
3.5864990173628573
4.690451709550843
3.417942705949403
2.876268092178661
4.30170490648179
3.3780569743502946
3.6276060584698984
3.0282126203667827
3.7100595526880986
3.63767328592843
3.482306913170753
3.2997053166540624
3.3087404796043196
3.652724011372429
3.3696745913641193
3.815741195423933
3.67543293608401
3.590922297786138
3.371186084028321
3.448317646623347
4.071467752331592
3.6950472977861377
4.125445025058865
3.52772631788664
10045:
3.48140589569161
10046:
2.602031302031302
2.309696186166774
1.9907006037440818
10047:
3.887357437515166
4.447510405981093
4.008895899053627
4.191937970251039
4.420171354573456
3.275687176312194
4.1454444912425465
3.865603315516545
10048:
2.842957042957043
3.26025027603975
3.040885069129344
2.8163546131288064
3.4543123543123544
3.896964011598158
3.2286713286713287
10049:
2.0655583972719525
1.6513071895424836
1.8529911681386437
1005:
3.1084098737083807
2.9773369992144536
2.723415557679582
2.4820362473347544
3.005845771144278
3.2641791044776114
3.005845771144278
2.5576881019069173
3.3391791044776116
2.9641791044776116
2.910607675906183
2.5891791044776116
2.690199512640877
10050:
2.6687179487179487
2.531185481185481
3.0625902042069706
2.56889338731444
3.1671390013495273
2.1635531135531134
10051:
3.0157712305025997
2.9157712305025996
2.735866924282504
3.7157712305026
3.102294967102906
3.2837037199540764
2.9947535313875555
4.049104563835932
3.4189970369542126
1.8234635381949071
3.196326786058155
4.073910765386321
3.360215674947044
3.6943426590740285
3.413438033613529
4.231987446718815
3.147350177871021
3.0333768643054166
3.3366667528906593
4.218473933205303
3.054232768964138
10052:
3.2085490699466317
3.210400307789249
3.353839391160967
2.6898340684730098
3.013066391705333
10053:
3.5016765043180613
3.8082641196013287
3.2922147368852794
3.310508158872016
4.174930786267996
3.6806779127047773
3.5915974529346624
4.119375230712439
3.854417965755175
4.949440590189564
4.108264119601328
3.623128984466194
3.929446385611181
3.8866424979797074
4.284126188566846
3.448264119601329
3.730095105516822
3.0837358177145364
3.9095246238030095
3.3347947318462268
3.2289046889963466
3.6208469010582824
4.024657562224279
4.146195154084088
3.595941844719812
3.9368355481727573
3.6386989022100247
4.445045728796732
4.530003250036112
3.9494405901895644
3.2761212624584717
3.1201774770020507
4.8832641196013284
3.445511083164082
3.6465619919417542
4.0082641196013284
3.9494405901895644
3.7367615289277536
3.6289537747737426
3.8337079065835775
2.9527085640457735
3.730486341823551
3.7619405901895644
4.378995826918402
3.9494405901895644
3.513392324729534
4.341597452934662
3.530600889360779
4.108264119601328
4.436835548172757
3.273889119601329
3.4530917058082253
4.291282987525857
3.780934927054745
3.996359357696567
3.7920479033851127
3.434045369601329
3.846973797020684
3.3867951930476567
3.337378043651962
4.498060037968676
3.4386989022100245
3.4162395797240284
3.828006608871715
4.2082641196013295
3.5300032500361116
4.043697190467471
3.333022962045059
10054:
2.857207207207207
2.854333643988816
2.6588184861598756
2.6978719188396605
2.366676904176904
2.8315661815661812
1.78070447496677
2.982089836315188
3.0852773826458035
3.457207207207207
2.1905405405405403
2.8260960960960957
10055:
3.843055799566636
3.409147753589625
3.560022389158138
3.78680732805771
3.758157654579724
3.597017576074832
3.992481086922958
3.51351668562846
3.3694281274214006
3.067584953973134
3.877157232262611
2.727329571771443
3.159147753589625
3.7486046225992093
3.0227841172259886
2.3062065771190365
2.9448620393039104
3.6174810869229583
3.645989858852783
2.8409659354078065
3.5215330746905424
3.069404163846035
3.409147753589625
3.316290610732482
3.5758144202562914
3.612636125682648
3.169786051461965
3.4132461142453625
2.895989858852783
3.9400194242918043
3.5397679086283844
3.4924810869229583
3.097350000780636
3.4256847185701695
3.4133850417252183
3.07396256840444
3.5258144202562915
3.3117090008056604
3.942166621514153
3.5453752984998044
3.6948620393039104
2.5916630910129377
3.2243651448939725
3.6554440498859213
2.3473288097505636
3.7200173188070162
3.5405036857930146
3.1536532480951194
2.536385605252029
2.88202165388288
3.037408623154842
3.5511108629440384
3.1950954660079254
2.6128514572933286
3.159147753589625
3.379331239828157
3.5520048964467676
2.6165945621002633
3.278195372637244
3.5877191821610532
3.1839002288371496
2.5206862151280864
3.659147753589625
3.678378522820394
3.2171187680823783
3.185463543063309
3.215729739732812
2.8983822033503905
3.2169708828413257
3.5135781333364604
2.956445050886922
2.76563490169244
3.518122112563984
3.7993346694774757
2.6267403461822174
2.9605176166033234
3.241426234602283
3.134757509687186
3.384469642001642
10056:
1.592371842040716
3.183687295425135
3.421904431398633
3.743368993037867
2.809303058971933
3.4049074545763287
3.504283753952628
10057:
2.5916915720263
2.775495029715108
2.5651992849706327
3.3233518036865317
3.1524058577405856
2.634496434135828
10058:
2.774983221113252
3.2644385026737965
10059:
1.103523035230352
1006:
4.133030421726074
4.27482276859252
3.523989703989704
4.4168468468468465
4.279556678981139
4.1802877070619004
4.113174530462667
5.093007184399589
4.093513513513513
4.021586908008926
3.7335135135135133
3.716612105062809
4.153062385693964
4.416247326463154
4.633513513513513
3.7991347439115835
4.7252660908331015
5.247799227799228
4.68004816697886
4.619227799227799
3.7660029649903066
3.198111538901384
4.005046360228842
3.7805333810631825
3.777957957957958
4.262084942084941
3.825262688431005
3.8616825275980204
4.111291291291291
4.914158674803836
10060:
2.6718031377605844
2.5372576832151297
3.9084341538033653
2.7153565425307193
2.41725768321513
2.52975768321513
3.086822900606434
3.360114826072273
3.772231505204658
10061:
3.6247193288209782
3.9157621095696413
4.853140907242556
4.049706038018213
4.482994387096037
4.533810237911887
5.223560328458791
4.23684054094219
4.553507207608857
4.23684054094219
5.384127362647616
4.309304309058133
3.7130310171326664
3.8701738742755234
4.453507207608856
4.693250797352446
4.608635412737062
5.201752821643945
4.179053366875946
3.997140166410355
4.230992587725816
4.983966977723799
3.63346501351603
4.319917464019113
4.154511223673114
4.874890855407599
4.725173874275524
4.795173874275523
4.006793592585383
3.879956482971176
4.930173874275524
4.385187279101261
4.013923874275523
4.201379548034389
4.551825250422313
4.625729429831079
4.5285072076088575
3.8008263780691505
4.930998616543564
4.50607131017296
5.213031017132667
4.3116704729149795
4.476284157434987
5.447366856731664
4.471893775995426
4.734352978753136
4.853192742200052
4.507673874275524
5.252673874275524
4.370173874275523
4.055280257254247
4.3674021747861
3.9727162471568795
4.427316731418381
5.370173874275523
4.867494531146742
4.672025726127376
4.87452170036248
3.998745302846952
3.1951738742755236
3.9479516520533013
4.28121618593703
4.37746554094219
4.584459588561238
4.321653164216352
3.806976287548525
3.7817123358139852
5.195173874275524
4.23684054094219
5.382673874275524
4.0413780627571985
4.054906698703005
5.178103389694026
4.546364350466
4.095655187978808
5.133280670392028
4.486089790191439
4.594564118177963
3.9792647833664327
4.361248924985462
4.605288378092317
4.396112440828425
4.388655722460342
4.2659446791868465
3.784879756628465
4.0250025347116605
4.845931450033099
4.728589715859682
4.355888159989809
4.483415883407943
4.599585638981406
4.168534530013229
5.550756398547368
5.1166855021825
4.314895563335025
4.625729429831079
5.099585638981406
4.100677853055364
4.991226505854471
5.379697683799333
3.9798124284923913
4.223235098765319
3.95373551811114
4.924853677231188
4.570173874275524
3.23684054094219
3.7619546961933317
4.064739091666828
5.132673874275524
4.698568936003919
3.8593305007815477
3.442760746862396
4.141602445704095
4.218449736344489
4.229812428492391
4.1291361384264675
5.416327720429369
4.726423874275524
4.1411309699850944
3.2782404555815416
4.349314978570002
3.7057670946145067
4.333331769012366
4.482733492717495
4.39944216695845
4.716515337690158
4.266895185750934
3.9451738742755236
4.537915809759395
4.23684054094219
4.377866181967831
3.9254370321702603
4.734557435919359
5.406032460134109
4.549765711010218
5.570173874275524
5.035691115654834
4.298244049714119
4.36469442222073
3.9301738742755234
4.187820933099053
4.03666180993236
4.0285072076088575
4.5367290582220114
4.33684054094219
4.592901147002796
4.67731673141838
4.4501738742755235
4.570173874275524
5.232567036668686
4.9901738742755235
10062:
2.664225941422594
3.1687713959680486
10063:
3.624202258101883
3.5996441590001735
3.8210727304287446
3.9895251113811256
4.651214681500928
4.3402764775013445
4.700575836018807
4.602025111381126
2.713136222492237
3.72626753562355
4.002025111381126
4.567176626532641
4.327277636633651
4.01195418939531
10064:
2.03633969716919
2.7180848361696723
3.1376634699215344
10065:
3.0366071428571426
3.121527502967946
2.789010989010989
2.0882179675994106
3.4007518796992477
3.4428571428571426
2.3
2.3064935064935064
2.027126805778491
2.5591362126245847
2.050811688311688
2.4521164021164017
2.896094552929085
3.7761904761904757
3.397402597402597
3.0428571428571427
2.6614617940199334
3.1465608465608463
3.465584415584415
3.304395604395604
2.4688311688311684
2.845279753893482
2.3675883256528416
2.4428571428571426
3.5015368494586094
3.109523809523809
2.6796992481203006
3.3493087557603682
2.12370820668693
2.75054945054945
2.3216450216450215
1.9336248785228376
2.8
2.458241758241758
2.2785378940308516
3.511038961038961
10066:
2.626593137254902
3.1161764705882353
2.6352996049165935
2.538803475935829
2.8028118460823066
10067:
3.035620874841143
3.3602836879432623
4.222602528522973
3.4671964003041293
3.4242476519072262
3.261890113646073
3.0816948801573743
10068:
3.671091561686255
4.183990165086056
3.5285314685314684
4.063076923076923
2.874549791293977
4.017787666878576
10069:
2.4783762685402024
1.7902116823173642
2.168852459016393
1007:
3.010272536687631
2.711473737888832
4.054716981132075
2.954716981132075
3.3299978800084795
10070:
2.3237657657657653
1.4081669449081802
1.165142857142857
10071:
3.7219664455715957
3.8669295905347405
3.7744139980191482
4.745996555588967
4.237403838367479
3.8593236239123807
4.072471496076647
4.049912573517723
4.323986647591798
4.3128755364806866
3.9291546062481286
4.465653314258464
3.81656104016619
4.107396084425892
3.4514893978668253
4.338156435357091
3.9315930408134423
4.3128755364806866
3.5700183936235437
4.221966445571596
4.04620886981402
10072:
4.093297683349184
4.293126801599355
4.245736118887571
4.606364833984393
3.630139788612342
4.236022141553518
3.6637604782675144
4.339028677501231
4.753959090460391
3.45255358171579
4.430139788612342
5.030139788612342
4.797381167922687
3.780139788612342
4.537465795938349
4.442139788612342
4.0729969314694845
4.262282645755199
4.350652609125163
4.050139788612341
3.1081214399884884
4.293580648827396
4.933648560542166
4.5454459110613215
3.940396198868752
3.6968064552790083
4.369425502898056
3.6839859424584955
3.719328977801531
4.623651238994021
3.982062865535419
4.6412508997234525
4.368437660952767
4.393776152248705
3.896640617799738
4.901568360040913
3.6033998618724152
4.796806455279008
4.085695344167897
4.680139788612342
4.2029630076097035
3.8354833000627235
4.172245051770236
5.059551553318224
4.063473121945675
3.5575370488863145
3.835529010169228
4.051878919047125
4.431996552538071
4.008588064474411
3.8819916404641934
4.508209964050938
3.8527204337736323
4.439071487386423
3.8552086591357577
3.688034525454447
3.575594334066887
5.312748484264516
3.787282645755199
3.6218829078783967
4.281491139963693
4.200139788612342
4.905139788612342
4.271519098957169
4.410139788612342
3.3626356010076517
4.030139788612342
5.0965733550459085
5.061885820358373
4.730139788612342
4.280139788612342
4.265433906259401
3.6210488795214326
4.336591401515568
10073:
3.3523533678176145
3.1600433720099845
2.9921035295654868
3.3122326375467077
3.369108007588152
3.649507412321482
2.965312347691635
2.5798608426749126
2.6747326375467075
2.301014688828759
3.2438786430563495
4.3013993042133745
3.3083425960529316
2.923929424695302
4.041399304213375
3.381500827056014
3.4699707327848026
10074:
4.434440104166667
3.8177734374999996
3.9344401041666663
3.8128921710092345
4.26998582688053
3.5665155758647797
3.574860051673228
4.1880859375
4.2677734375
3.7526219223484847
4.493579889112903
4.408124314692983
3.5377734375
4.720854006220379
3.3776132544336384
10075:
2.0368742368742367
10076:
3.78282967032967
3.6982142857142852
3.261850649350649
4.458214285714285
3.826785714285714
3.2654017857142854
4.266635338345864
10077:
4.527528583992964
4.196759353223733
3.6894333458977258
3.2874536776259227
4.034238077212093
3.363324538258575
3.974630033268326
3.8482368210984297
4.049750806215187
4.0634260198904
2.4941952506596303
4.239356540982211
3.85029281163524
10078:
3.0844986704532453
2.252670075924206
3.1209627588510354
3.305846479781268
3.058893793333794
3.0677463845820294
3.1206950212339
3.4809627588510352
3.6638199017081785
3.265148805362663
3.8057085215628996
3.5209627588510353
3.611871849760126
3.6674274053156815
3.5209627588510353
2.90933048868218
3.847278548324719
3.892644174780239
2.896995816702275
2.4891606387096927
2.7590579969462734
3.054482311923661
3.580664251388349
3.3057161220797346
3.4280424048687346
3.613341511737871
2.3781056159938925
2.9833521393820086
3.217932455820732
3.7402809406692175
3.5834627588510353
3.1071696554027595
3.107428924264569
3.1209627588510354
3.2901935280818044
3.232501220389497
3.1363473742356507
4.06790153436124
3.1573263952146715
3.2068857336186314
3.292846047975704
2.492391330279607
3.6918793680860453
2.4278593105751733
3.273931879991178
3.146836884725161
3.4175144829889663
3.0782146672479818
3.352061954561491
2.9799179827316324
3.1729235431647607
2.9996861631063543
3.0253680451946474
3.1091980529686825
3.6292960921843687
2.989047865234014
2.8281916745136857
3.3781056159938925
2.536068499032304
3.0801025437972718
3.032867520755797
3.2709627588510353
2.916124049173616
3.551664513237
2.9584627588510353
3.077142534131934
3.2209627588510354
3.2244511309440584
2.8510440596640434
3.873903935321623
3.2709627588510353
2.9151935280818044
2.7598837607778175
3.2542960921843687
2.9389194151977844
3.2418929914091748
3.2842477830056245
3.2709627588510353
3.2827182447444523
3.2426988456553754
3.3384810070262176
3.0745341874224636
2.777060319826645
2.7752000469866287
3.3052764843412312
3.06813257017179
4.073594337798403
3.2166149327640787
3.5887134363578106
2.8015534761506133
3.417788155676432
4.130828229703053
2.8644742092327147
3.5209627588510353
3.2231686412039764
3.61932341458874
3.280962758851035
3.293538009687156
3.4665073133064808
3.5209627588510353
3.155598450508902
3.1149994560987415
3.412715336170623
2.4468886847769613
3.2901935280818044
3.907326395214672
3.320962758851035
3.1615877588510353
4.157326395214672
2.865711617298524
2.9334627588510354
3.699534187422464
4.378105615993892
2.300779272612503
3.1706633576534307
2.8042960921843685
2.795472562772604
3.3252180779999714
3.722455296164468
2.7921166050048813
3.046343469510934
2.5594242973125736
2.8008318259541447
4.1827274647333885
2.786268881300015
3.9209627588510356
2.9860790379208026
2.863635172644139
3.253520898385919
3.515215632414254
3.3078480047526746
2.9672437505865723
3.1459627588510353
3.1290029598560603
3.7084627588510353
3.8643103983360136
3.2709627588510353
3.042701889285818
3.430640178205874
3.2890039959644373
3.460962758851035
10079:
4.666666666666666
3.9666666666666663
4.607692307692307
4.447239263803681
4.70625
4.103738317757009
3.9925996204933583
3.9224489795918367
4.658895705521473
3.8297805642633227
3.994736842105263
5.262962962962963
4.9125
3.7512195121951217
4.381632653061224
4.663636363636363
3.984931506849315
4.159649122807018
5.155072463768116
4.527272727272727
5.103921568627451
1008:
4.230154639175257
3.9164753938922385
3.6987030262720317
2.8231033571239754
4.522011131202592
4.5515832106038285
3.409723167094039
3.4188512518409424
3.2251546391752575
3.566528029733197
3.438487972508591
3.62689376961004
4.325154639175257
3.4801546391752574
4.394837178857797
4.355154639175257
3.9915182755388936
3.4801546391752574
4.969561418836275
3.8051546391752575
4.605154639175257
4.154905882956352
4.105154639175257
3.6546051886258066
3.6451546391752574
3.3609685926636295
3.3873798766243755
3.7684199452977065
2.835923869944488
4.105154639175257
3.8225459435230835
3.5676546391752573
3.301553984510773
3.3034305012442227
3.558356609618607
3.875987972508591
2.2003927344133527
3.4702340042546225
4.489770023790642
3.6823747163953344
10080:
4.638565555782639
4.281077633077325
4.455251807251499
4.056199368358422
4.517188744188436
4.408061760061452
4.784447554124889
5.049051489286475
4.488679972258611
4.195885366240699
4.240985995047542
4.962364182784927
4.520290689191789
4.475522077521769
3.9568145945285718
3.895197167774477
4.101992665757063
4.499970027048583
5.225522077521769
4.822296271070156
4.343169136345299
4.210816195168828
4.703703895703587
4.485522077521769
4.577794804794497
4.725522077521769
3.9046265551337096
4.682043816652204
4.2549338422276515
3.992188744188436
4.782664934664626
4.725522077521769
4.350522077521769
3.546950648950341
4.105612575259325
4.113757371639416
5.022132247013294
4.114023819682048
5.075522077521769
4.187060539060231
4.199206288048085
4.20113183361933
4.334217729695682
4.390601442601135
4.794846167643087
4.945760172759864
4.5407713443839395
4.892188744188436
4.417829769829462
4.409732603837559
4.554925683624404
3.9255220775217694
4.614410966410658
4.405133728007206
3.720997190643941
3.414201322804788
4.696110312815887
3.7094685658160835
4.427863214645515
4.69326401300564
4.90023472119993
4.2281536564691375
4.879368231367923
3.680067532067224
4.088654988914174
3.9535922529603655
3.2828991267020973
3.8608932565610705
3.4029414323604787
3.823348164478291
4.26606261806231
4.505049636576887
5.108500800926024
4.163769089473961
4.504093506093198
4.4118305697228095
4.733334577521769
3.9863916427391604
4.661885713885406
4.308855410855102
4.609243007754327
5.1108431784392
5.042726378597038
4.669966521966214
4.177134980747576
4.025522077521769
4.171236363236055
4.392188744188436
3.49992355081827
4.593739131785336
4.217219494495939
4.39955522669304
4.696950648950341
4.690490230388011
4.324462006850391
4.2127015647012565
4.5727442997439915
4.441090939797219
4.696395863929537
4.134612986612678
4.520147797291443
5.121355410855102
5.065005472355717
4.027216992776006
5.009195546909524
4.439807791807484
4.636236363236055
4.634612986612678
4.640415694543046
4.779576131575824
5.00211782220262
4.409626705288369
4.523599000598692
4.274655025498648
3.7790935060931976
5.725522077521769
4.558855410855102
4.0795489231593525
4.21643116843086
4.250031881443338
4.392188744188436
4.889158441158133
4.09249455458599
4.725522077521769
3.7255220775217692
4.508707918229733
4.774904793571152
4.058855410855102
3.879368231367923
3.9417382937379855
4.605522077521769
5.251496103495795
4.6977442997439915
4.605522077521769
3.960816195168828
4.445522077521769
4.293178843198337
3.868379220378912
4.494752846752538
4.636320199587496
5.238342590342282
4.244319070002972
4.324227579139892
4.194272077521769
4.125522077521769
4.437563962338523
4.546751127801099
4.238342590342282
4.296635638712508
5.258855410855102
4.710816195168828
4.830785235416506
4.108238126904485
5.1377358179797845
3.7255220775217692
4.35379432883067
3.888698342792275
3.8775958102406634
4.818980021447003
4.202794804794497
4.804173762915028
4.677903029902722
3.8055220775217693
4.251837866995453
3.9948160019881076
4.958080217056653
3.9755220775217692
4.191130543130235
4.917829769829462
4.291559813370826
4.525522077521769
4.675522077521769
5.07725709329464
4.205914234384514
4.712618851715318
4.452794804794497
4.296074224761033
4.475522077521769
4.7982493502490415
4.652351345814452
3.6666985481100047
4.582664934664626
4.838924139377439
4.1824757199058755
5.011236363236055
4.526154988914174
4.421950648950341
4.096680469956757
4.014995761732296
4.808855410855102
4.767593274932772
3.9527948047944963
3.8943532463529382
4.517295856442077
3.782340259339951
4.783542555337469
4.725522077521769
3.715718155953142
4.870976622976315
4.4762552153516815
4.64412672868456
4.7140278246482055
3.8962537848388425
4.233162145433484
4.168379220378912
4.121748492616109
4.369966521966214
5.341491659270819
4.476055126562281
4.251912947707218
4.9103046862174216
4.053007457638728
4.0516090340435085
3.7438147604485983
3.677649737096237
4.321481673481365
4.65335712906816
4.166698548110005
4.268901072955559
3.775108854381273
4.5002745527692944
4.638395939680416
4.485522077521769
3.5943745365381625
4.981932333932026
4.725522077521769
4.067627340679664
4.2549338422276515
4.955251807251499
4.36522795987471
4.932418629245907
4.709305861305554
4.657028926836838
3.8268353983472854
4.425522077521769
5.258855410855102
4.5593778768948106
3.9829806410576807
4.4477442997439915
4.540336892336584
4.145424990143129
4.493089645089337
4.631772077521769
3.5509584864993253
4.925522077521769
4.654093506093197
5.187060539060231
4.975522077521769
4.156556560280389
3.8272169927760067
4.705360787199188
3.645522077521769
4.498249350249042
4.225522077521769
5.033214385214077
4.372580901051181
4.848978867645226
4.313757371639417
3.9648383168380086
3.9826649346646263
4.621355410855102
4.361885713885405
4.220027572027264
4.725522077521769
4.350522077521769
4.5387750895699615
3.81643116843086
3.8996514307556
4.531077633077325
4.814807791807484
4.195280142037898
4.388136059284687
4.470202928585599
4.220280987375019
4.532285362545924
4.381259782439802
4.413022077521769
5.058855410855102
4.458855410855103
4.37068336784435
3.941868231367923
3.713319123122283
4.715129467822001
4.469111821111513
4.134612986612678
5.073348164478291
4.6603046862174216
4.269201419762263
3.796950648950341
3.927707869871496
4.415877407471008
4.3673131222978885
3.648599000598692
4.609522077521769
4.071513638703204
5.030785235416506
4.24552207752177
3.7843456069335337
4.2561343224197286
4.2020414145383445
3.8366331886328804
4.40552207752177
4.335278175082745
4.200931913587343
4.142188744188436
3.626756645423004
4.306970041322675
4.817829769829461
4.501547314114829
4.188725540725232
4.879368231367923
4.743065937170892
4.943470795470487
4.586633188632881
4.417465205483854
4.183537344697342
4.572033705428746
4.600522077521769
4.447041064863541
4.192188744188436
4.546950648950341
4.597030457410037
4.2939675531598205
5.007573359573051
5.002978724920613
4.919966521966214
4.787340259339951
3.956291308291
4.528671683820981
4.475522077521769
4.526448003447696
3.7863916427391606
3.616826425347856
4.821968778029383
4.25643116843086
4.421724609167339
4.56158765129226
3.669966521966214
4.773522077521769
4.098656405879979
3.8713554108551027
4.546950648950341
4.096211732694183
4.271355410855103
4.008280698211424
4.120870914731071
4.165739468826117
4.925522077521769
4.332851920453706
4.340906692906385
4.140415694543046
5.16552207752177
4.37068336784435
4.430440110308655
4.661005948489511
3.9755220775217692
3.4726485143033785
4.503299855299547
4.298337611502352
4.496471798192161
4.286497687277867
4.773141125140817
4.144876916231446
4.678927095442916
3.8618857138854055
4.830785235416506
4.925522077521769
5.116826425347856
4.575146137672145
3.7437038957035873
4.525522077521769
4.212687852922839
4.828086180085871
2.7820192526630123
4.419399628542177
4.805522077521769
4.389489688857802
4.3522344062888925
4.079688744188436
4.607875018698239
5.148599000598693
4.469840259339951
5.225522077521769
4.571675923675615
4.748249350249042
4.8730630611283265
5.216593506093198
3.8382269955545563
4.28890235921191
3.9231964961264203
4.5921887441884355
4.684871671017705
3.7810776330773246
4.707664934664626
3.8761393614723865
4.3474732970339645
4.425522077521769
4.78560791443164
4.112188744188436
4.538022077521769
4.093446605823656
4.956291308291
4.743507689032561
4.4839490438139045
4.025522077521769
4.377037229036921
4.1196239541973725
3.7511631031627948
4.32552207752177
4.225522077521769
4.725522077521769
4.420258919627033
3.8962227144644443
4.394061403364466
4.500802976398173
4.405133728007206
4.230077886177806
4.550522077521769
4.475522077521769
3.9896730209179956
4.299990162628152
3.7867465673176874
4.0743592868240945
4.523274886510533
4.082664934664626
4.545522077521769
4.473269825269517
4.599308485288759
4.792188744188436
3.7558251078247995
4.369966521966214
4.142326031393269
5.267188744188436
4.26539448581523
4.620258919627032
4.769000338391335
4.97437000378905
5.011236363236055
4.290038206554027
3.5716759236756155
4.2517910000507095
4.407449788365143
4.873670225669917
3.7690003383913346
4.571675923675615
4.580067532067224
3.5424234859724733
4.213894170545025
4.584311702881999
4.36341176577117
3.9886799722586113
4.858855410855103
4.418703895703588
4.522819374819067
4.794829008214839
4.492883188632881
4.092869016297279
4.32249940749658
4.689807791807484
4.537487889487581
4.703782947086987
4.21643116843086
3.901992665757063
3.937060539060231
4.39057062121109
3.5490514892864753
4.698311193168028
4.6603046862174216
4.584496436496128
4.3038353305338175
4.154093506093197
4.613372544811488
4.3571010248901905
4.5350458870455785
4.296950648950341
4.80660315860285
4.244272077521769
4.106590038686818
4.070976622976314
3.3298477772673163
4.392188744188436
4.7765424856850345
3.9513285291346723
4.550918902918594
4.683416814363874
4.418028537470089
4.392188744188436
4.747540426145623
3.984345606933534
4.44116188794831
4.896440444868708
4.200438465481636
4.50195712283899
4.069608099027146
4.616826425347856
4.2713736059060485
4.32552207752177
4.217047501250583
3.8850965456068756
4.8421887441884355
4.243703895703588
4.189063744188436
4.323348164478292
5.0891584411581325
4.851958859130964
4.593849479657001
4.6071010248901905
5.398249350249042
4.130694491314873
3.9100372728907997
4.460315264869701
4.154093506093197
3.961419513419205
4.287165913138208
5.146574709100717
4.609243007754327
4.503299855299547
4.452794804794497
4.251837866995453
4.715718155953142
4.907340259339951
4.275522077521769
3.8921887441884357
3.9896730209179956
3.7255220775217692
4.451510778086741
4.536332888332581
3.96626281826251
4.230283982283674
4.418448122537846
4.525522077521769
4.425522077521769
4.313757371639417
4.525522077521769
4.333562278526794
4.770465897746488
4.648599000598692
3.945302297301989
3.8645355304365676
4.178352266201014
4.386015904682263
4.796600508894318
4.531723627909367
3.652506204505896
4.232324798610204
4.7417822401233956
4.706888537149098
4.225522077521769
4.725522077521769
4.738509090508782
3.598249350249042
4.329813923015331
4.406681497811624
4.486716107372516
4.03711628042032
4.897935870625218
4.597862503053684
4.094208946208638
3.9556476005343217
4.83471747982062
4.235325999090397
4.3012796532793445
3.9847813367810283
4.274541685364906
3.9338554108551027
4.058855410855102
3.5088554108551024
4.706654152993467
4.202794804794497
4.225522077521769
3.9000647604485983
4.778153656469137
3.855956860130465
4.461371134125542
4.634612986612678
5.1372867834041225
4.633568054533264
4.606878009725159
4.85662389063195
4.788022077521769
4.413022077521769
4.453156272352784
2.7388554108551024
4.531973690424995
4.565522077521769
4.702266263568281
4.58187566868199
5.0139836159833076
4.438679972258612
4.209897077521769
3.9505220775217693
4.57552207752177
4.473651753332243
4.56865933242373
4.453948473460855
4.694594242470223
4.102880568087807
4.422151291004916
4.6398647070038415
4.3300418515330685
5.0349143427151395
4.125522077521769
4.953592252960366
4.043703895703588
4.113481943742505
3.9506876404356763
4.026002846752538
4.925522077521769
4.4884086754599135
3.936048393311243
4.952794804794497
4.4366331886328805
5.725522077521769
4.663022077521769
4.483416814363874
3.937060539060231
4.475522077521769
10081:
3.4831461227707163
3.511492243827835
3.383472920156337
3.682809570239256
3.655478692162109
3.1377464244298414
3.262927846781075
10082:
2.9307453030289583
2.1193594129963196
2.496762619046274
3.6403726322215046
2.8791580014416565
3.1066809909572664
2.137191296060317
3.090490596495182
2.603714490704028
2.734880641374823
1.7033016940064019
3.778959588743244
3.1972288195124747
2.566459588743244
2.966459588743244
3.0573686796523347
2.4611685834522388
3.966459588743244
2.474656310054719
3.3626860038375836
2.6807453030289583
2.0880192217707667
3.0871492439156576
2.2075310173146723
2.2664595887432437
1.6734659581699955
1.6006059302066586
3.113869947308981
1.9294225517062067
3.966459588743244
2.6723419416844205
2.7055900235258528
2.555863562253178
2.4220151442987996
3.174792922076577
2.5684013363160596
3.0890086083510866
2.253588301614531
2.966459588743244
1.778959588743244
2.944720458308461
2.778959588743244
1.669429885772947
2.8853785076621628
2.926459588743244
2.764160738168531
2.3875122203221912
2.509226884340728
2.678959588743244
1.899792922076577
2.861808425952546
2.336829959113614
2.403959588743244
2.0429183412583343
3.598812529919715
2.831538953822609
2.8215320525113596
3.5646738744575295
2.796968063319515
1.6201560867977185
2.493451876660982
3.1972288195124747
2.573602445886101
2.130522088743244
2.577570699854355
2.3699683606730684
2.3348806413748227
3.0197929220765776
2.278959588743244
2.5497929220765774
2.7369513920219326
3.4447204583084616
2.5760486298391343
2.9319768301225544
2.2997929220765774
2.445778323536431
2.7940457956397955
2.802076027099408
3.6457048717621117
1.8262726728553935
2.7490682843954177
1.992775378216928
2.5403427502552716
2.9372198226613726
1.466459588743244
2.6761370080980824
2.466459588743244
2.2017537063903028
2.5717227466379806
3.257636059331479
3.1783801185445686
2.630795253078908
1.618633501786722
3.1759833982670536
3.246459588743244
1.704554826838482
1.7381637688075524
3.2850436595397037
3.2435680224781835
2.2581262554099104
2.346827686902753
2.1592449228650654
3.003496625780281
3.1166653500601162
2.1712788658516775
2.928959588743244
1.966459588743244
2.232084588743244
3.035425105984623
2.239186861470517
2.641898185234472
1.7017537063903028
2.487120745768037
2.366459588743244
2.0367298590135143
3.2948177976984674
2.7331262554099105
2.591459588743244
2.3632849855686406
2.2504102060271944
2.946774549373165
2.425475982185867
2.1331262554099104
2.4370478240373616
2.178580800864456
3.541086454414886
2.099792922076577
3.473308903811737
3.0283152588463365
2.189797104427058
2.3089253421679015
2.7997929220765774
2.7442373665210216
2.926541472059518
1.999792922076577
2.497860554926819
2.601162785090276
2.4859401082237635
2.6116208790658244
2.481611103894759
2.258767281050936
2.6828057425893976
1.7664595887432437
2.674006758554565
2.8176046269111827
2.4004218528941874
2.819400765213832
2.4370478240373616
2.444720458308461
2.2605772358020673
2.5274351984993415
2.635152597861785
2.176985904532718
3.357763936569331
2.5831262554099106
2.856459588743244
2.8488125299197145
1.9307453030289583
3.5664595887432435
2.5123018062272524
2.4558212908709036
3.017741640025295
2.5249238121289332
1.8528232251068801
3.1937323160159714
1.978087495719988
2.719628367929368
2.81261343489709
2.5021738744575295
2.5939105691354007
3.6028232251068806
1.5448379671216221
2.3557725658424804
2.4947614755356966
2.184641406925062
2.605853528137183
3.254130821619956
1.573602445886101
3.4595471463469307
3.466459588743244
3.093732316015971
2.760429437989475
1.786131719890785
2.309743170832796
2.312138601088923
1.7072003294839848
2.554694882860891
2.513703683231433
2.619638779494689
2.278959588743244
2.9241143118702797
3.216459588743244
2.314285675699766
2.616459588743244
3.379503067004113
2.591459588743244
2.8700740465745693
3.081844204127859
2.5706262554099104
2.585507207790863
2.3875122203221912
3.1723419416844205
2.308231740641978
2.668213974708156
2.6471318576508067
1.966459588743244
3.5737203148158514
2.749592118863726
2.0148926371762923
3.280745303028958
2.0320333592350472
3.0968943713519392
3.7521738744575295
2.34576993357083
2.3300959523796076
3.8997929220765775
1.8285285542604854
2.0522336473206497
2.780413077115337
2.805169266162599
2.0815038365308545
2.436608842474587
2.2605772358020673
3.039186861470516
3.09549184680776
2.495871353449126
2.4378881601718154
2.142930176978538
10083:
2.848705656759348
3.4570005876349237
3.313489709915494
3.2032511113048026
3.1534675615212526
3.124781388256766
3.074102482156173
3.0344199424736336
2.5586787025814504
3.052938460992152
2.961044680419126
3.4377729996728448
2.9039851598649378
3.067493872434723
3.1415293905559536
3.3252944671884626
2.9620061493701852
3.273492790155753
3.166631480935172
3.130255247726828
4.093559727419871
2.9763554263446013
3.4277917003987057
2.539060313703332
2.6833561126863996
2.9751912923358925
3.0344199424736336
2.754455720648947
3.4172324424736336
2.672350976956392
2.7279683295704076
10084:
4.685377708572842
3.4439772171723506
3.394700233181991
4.464061094152779
3.3347283579234914
4.139923163118297
3.713022578322975
3.59825649645163
3.893327096552487
4.096444902248731
4.03466000522356
4.086510700210285
3.6252172807653555
3.743696748023957
3.8579162427030718
3.648397739389483
3.251034274229408
3.97325649645163
4.018711041906176
4.633750323612125
3.945478718673852
2.8552172807653555
3.433501144769673
3.554908753896395
4.1616622935530785
3.4330266113941588
4.017652420760218
4.374298163118297
3.7854339990316093
3.3536217932552828
3.8352356631182967
4.203752950352339
4.33734805582216
4.192554742065665
3.66825649645163
4.185377708572842
3.652118285069516
3.7134525748830027
4.039923163118297
4.139923163118297
2.9330266113941588
4.500192523387657
3.7655389266650947
3.812879137961064
10085:
2.2918809938971227
2.9444380355965722
3.2273648648648647
2.427364864864865
1.8940315315315313
3.2003378378378375
3.483775121275121
3.0421796796796796
2.3859855545200372
1.8360605170387778
10086:
3.3514655291041695
3.328209715150681
10087:
3.0056357134048586
4.895436594997806
4.14415162701668
3.5872416891284815
2.841041081225746
3.469358852540609
3.417750927524155
4.180537202279591
3.3971983990851915
4.208250092489826
3.5303672483291972
3.8988819007686932
3.3212705815843404
3.5545162585307106
4.197255040263328
4.298048681888503
10088:
3.7081960612812983
3.397032240914442
3.8638284855968537
2.6758396259374164
5.101596135437768
3.572928516584473
3.0722237025406436
2.8991330812505764
4.332365366207
3.855267535032089
4.4027670202404074
4.043110672286991
3.6215925805141995
4.396899101238819
4.2298501902285555
3.6435906983223014
3.082126278529488
3.535946268063763
3.2809783193458144
3.823294771650209
3.669978222107386
3.9058557703262067
3.6439456830973986
3.8102264571484215
3.101237562557831
3.8202942730000036
4.030021112138607
4.084210677748786
3.4575181744182784
3.3241330812505763
4.163262382606155
3.904627586745082
3.6131846034988198
4.3550276720966234
4.403516198133694
4.42429299596273
3.9705616526791476
3.7311366013444456
3.1973106238725633
3.5690578932806516
4.072347366964863
4.170561652679147
4.403340750066322
3.711334184867989
3.7498496785691153
3.7975886797061746
3.276944631402552
4.227704509822004
3.4111021932196883
3.5872283193458143
3.4424914772405515
4.167277580429558
4.239527169920526
3.9805164038103693
3.706221743726189
3.5939850761025713
3.412705830128316
3.3550276720966234
3.618837514748113
4.262064920653003
3.624050024772171
3.217130280130128
3.5733802081694592
4.331851975259793
4.004702088514499
3.370561652679148
4.215006097123592
3.829902312019807
3.787845603296432
4.477181861738382
4.230712028618997
3.7373933358474645
3.71460310345635
4.134847366964863
4.326913444210092
3.6264440056203244
3.243793975911471
3.3853764674939626
4.855125411068409
3.6195412445158825
4.3026937848112805
3.7108213929388882
3.764311652679148
4.234547027450629
3.994885977003472
3.5031356845698083
3.476958959076454
3.702334227929984
3.383853770144372
3.799593910743664
3.5139959961134912
3.919243550745932
4.121600228346804
3.479652561770057
4.325967058084553
3.3931493719773935
3.8106841641645994
4.510011193963551
4.143894986012481
4.814397269117505
3.7336247157422107
3.92434316528419
3.7918382484238284
3.462696484139822
3.155358949976445
3.6684157299323665
4.517228319345815
3.683303752577211
4.323671700526038
3.5002559758232525
3.5695090211002003
3.985687703099316
3.6813530195856226
3.602542559600389
3.665571632719068
3.96568360389866
3.5872283193458143
4.08616267569705
4.231309316230549
3.8300790789526062
4.188292149133048
3.6764718181637814
10089:
2.58870064216423
3.1271621806257683
2.334520040157541
3.044664967693773
3.7576566861202743
1009:
3.0741844769403825
10090:
3.232965188914269
4.210790348828981
4.407218920257553
3.8498448195381285
4.286884234659175
4.092857218129893
4.010424048462681
4.499865979081082
4.23638558692422
4.364519805213305
3.377116879441226
4.281740451358031
3.751150959092504
3.701457820891802
4.282218920257552
4.248885586924219
4.387725528187068
4.063916532989648
4.04888558692422
4.195944410453631
5.144123682162315
3.9889027248848024
4.482218920257552
3.8955404122646575
4.074042819628621
4.962864081547876
10091:
2.3706057227796355
2.235990338164251
2.598784950958864
2.985990338164251
10092:
3.7418860898970325
3.5271631783999275
3.806160585487222
4.15235827316024
3.541077926072637
4.157932409169158
3.830765904787464
3.686778563015312
3.991778563015312
3.891488707942848
3.249060792980469
10094:
3.5123257320107713
3.441034787887457
4.032399396835817
3.5379667576517972
3.890051588708591
2.9821296535793986
2.7391501896044597
2.8951640158391543
3.881587209056679
4.73027444995949
3.8646464071162567
3.3643091541540513
3.870659065344105
3.446233777987783
3.6742304939155335
3.3892026088876483
2.9885162082012475
3.6495806339715555
3.8056590653441047
3.4706590653441047
3.2778019224869617
2.9577038832712756
3.6417964043998987
3.2248059847753843
3.695659065344105
4.09111361079865
3.9531859470645347
3.0123257320107713
3.198600241814693
3.3456590653441047
2.535830005515045
3.492945887049531
3.771032199672463
3.2635695131052986
4.400497775021524
3.65121462089966
3.4643459340309732
3.8051185248035644
3.482022701707741
4.095659065344105
3.1443603640454034
2.6670876367726764
3.0379667576517972
4.040781016563617
3.7082964279814674
3.4805797002647396
3.5123257320107713
3.977238012712526
2.7766935481027253
2.8456590653441047
4.112325732010771
3.2820227017077412
3.691812911497951
2.710257090731975
3.6975109171959564
2.6759342947019027
3.5134331517228423
3.8002045198895593
3.4692332098307967
3.477917129860234
3.9408971605821996
3.610151818967293
3.2081590653441046
3.2831590653441047
3.4706590653441047
3.400623604351197
3.406212698562098
4.00272712817133
2.9197331394181787
3.588083307768347
2.896941116626156
3.3181000102259945
4.140741032557219
3.5748257320107713
3.3505371141245925
3.568929505595677
3.7558387060626677
10095:
4.271684718132281
3.3117378967641393
3.697968533597186
4.3998686714620785
4.044331995205585
3.0097674534143857
4.157159142185385
3.982046020013439
4.017760305727725
4.080785515811758
4.145193330219573
4.312928372954616
4.081339225667794
3.0664330458518116
4.357739693709332
3.7556703084384866
3.9189889790152215
3.5821263251730455
2.833728689911826
3.3049496495503603
3.4929283729546157
4.008398171612334
3.6418609572242784
3.743483928510171
3.819308335147432
3.650711544475651
3.740559951901984
3.8775835453684087
4.108981004533563
3.854595039621282
4.287928372954616
3.473642658668901
4.437311089003998
3.407877222059475
3.652347848610046
3.4379283729546155
4.9247704782177735
3.8856027915592666
4.643526828553071
3.9766607673208125
4.766468195963466
3.7379283729546153
3.6807513394617923
4.336265968862543
3.483580546867659
3.7025727244190505
4.230622870108316
3.7966240251285286
3.605101625234251
3.5970192820455247
3.866807683299443
10096:
4.352735526470934
3.6615933353287433
2.931503337026825
3.549817456886198
3.629919127183947
3.0812415166048317
3.990746066655388
4.110311284046692
3.7945218103624816
3.4674541411895494
3.4776582228222024
3.7769779507133587
3.47552867535104
3.035042466842391
3.8026189763543847
3.7346050693574266
3.2089028333424667
3.9692324458724184
4.082106155841564
4.25845943219484
3.7126504653332417
3.473947647683056
3.2403925848597
4.22277329012572
3.3103112840466924
3.5237191052757426
2.7466749204103285
3.247691475739983
4.416762896949918
3.9180035917389997
3.6596070586945797
3.6836446173800255
2.954622661292201
3.5059947372841025
3.975233490553057
3.5907034409094374
4.721422395157803
3.577253432807023
4.46325246051728
3.9144048512981544
3.0296661227563697
2.6151656529787313
3.4436446173800257
3.7503112840466923
3.2716016066273372
3.7903112840466924
3.468579000582125
2.312897490943244
3.3674541411895493
2.7308646437304867
3.5413457668053128
3.7956259693613776
3.161092534046692
3.514284793980467
3.8026189763543847
3.7379708585147773
3.4004056236693336
3.773232632361299
3.9019779507133587
3.3334872497119283
3.876977950713359
4.110311284046692
3.3022304759658843
3.930824104559513
3.720067381607668
3.4564651302005385
4.507370107576104
10097:
2.6271648693473906
2.4497299276755466
1.6034095813552005
2.039123867069486
1.7616728866773292
2.2965312744768935
1.975988273849147
2.119893097838717
2.639123867069486
2.031981009926629
2.039123867069486
1.899224877170496
1.6946794226250415
2.4345784125240315
3.242065043540074
3.389123867069486
2.858820836766456
1.699934677880297
2.0512860292316484
2.8364922881221175
1.7982147761603953
3.0319810099266293
3.1086360621914375
3.2982147761603953
2.421381931585615
2.880428214895573
3.185420163365783
2.7073056852513044
2.9871630827557603
2.266046943992563
10098:
1.4933175635718507
2.8170629736085706
2.2262006562593215
2.7969310749622673
1.7871171309835305
2.460136785539814
2.5287185660781164
10099:
3.7603865517024944
3.8078247593197334
4.652253181974544
4.994474246186229
4.077048503611971
4.123412139975607
3.769191360754828
4.252921519484987
3.924548503611971
101:
4.646178600160901
2.8805194805194803
3.0680761099365745
3.135460191981931
3.10889748549323
4.105159705159705
1010:
3.6219315895372226
10100:
2.799483713008303
3.52675644028103
3.474558638083228
2.516053420902932
2.7641513982642234
2.0793436168839547
2.907575059863695
2.2962369597615497
2.375382813907404
2.474558638083228
1.705327868852459
10101:
4.577808573540281
3.5275802630379975
4.218433573540281
3.4369483584865175
3.442391906873614
3.623006313653275
3.9968561925878996
3.9582433561489765
4.286141906873614
4.411141906873614
3.53214647308366
3.6897133354450427
4.374104869836577
4.446025627803847
3.889865311128933
2.939367713325227
3.828617635028954
3.6654276211593286
4.088631084362792
4.101618097349805
3.441141906873614
2.740787924572729
3.407712551592407
3.2831555587507473
4.111141906873614
4.57573818016554
3.6164399201186472
3.702186682993017
10102:
3.263455058968255
2.8335896345376135
3.621561719923492
2.8476588986068774
3.0681134440614226
2.7847801107280894
3.0072438788440317
3.3181134440614226
3.464700981153411
2.9693954953434742
3.6063487381790695
2.8847801107280895
2.287872894233244
3.0283175256940758
3.3459280135978466
3.802147057506801
3.536981368589725
3.1529257307508427
1.8038277297757084
3.0250994720055346
10103:
4.816462962365765
3.686428439926179
3.3692885151913172
3.7942515289393777
3.953799631812526
3.7466955205052996
5.00225676040446
4.2515278974307
3.920840066742869
2.907947427267951
4.276522343109438
3.6664556662910526
3.592882282060717
4.209296406294099
4.356970074301447
3.838218984121786
4.136889449458918
4.527038101512332
3.7812073592431252
4.21991555877395
4.29841993668915
3.7864093397195493
3.5681177591818516
4.048849326002128
4.219989284736654
4.02792541295865
4.006419142375503
3.936051706954509
3.8094699553727573
3.1835318202813045
3.24074622627167
3.4705102849062377
3.721111542407015
3.828658084316984
3.1465183453186216
3.9695730102126543
3.5215113386470174
3.9844471520890847
3.7356548815576835
3.5228488551923354
4.306642535878671
4.463500135718727
3.6968876471700116
3.810236312303498
3.8404766844926943
4.0851380856920505
4.101300076471171
4.642250720424439
3.754865681142315
4.180099326002129
3.1336558113577766
3.4365095824123846
3.7356548815576835
3.7408280709413995
3.617361683416577
3.7849380356795477
3.787526381705046
2.989119762929542
3.7140161750174454
3.952826598729401
3.5551817254747715
3.5938248161982065
3.6493300952328975
3.7412933558528745
3.2977463848256576
3.1443850402878426
4.430099326002129
4.229717646612816
3.8774677470547596
4.37240701830982
4.164509125556694
3.649487081104169
4.41184535774816
4.009886560044682
3.2644875116561365
3.4256807213509655
4.284265992668795
4.34342752322863
10104:
3.5168657685899065
